<?xml version="1.0" encoding="UTF-8"?>
<!-- Generated by org.testng.reporters.JUnitXMLReporter -->
<testsuite hostname="LAPTOP-I33T45KV" failures="0" tests="202" name="Test" time="0.167" errors="0" timestamp="29 Dec 2022 17:30:52 GMT">
  <testcase classname="com.medhas.sanity.TestSelfMultipleCreateAccessRequestforApplication" name="@BeforeClass setup" time="0.0">
    <failure type="java.lang.NullPointerException" message="Cannot invoke &amp;quot;com.qa.utility.ConfigDataProvider.getBrowser()&amp;quot; because &amp;quot;this.config&amp;quot; is null">
      <![CDATA[java.lang.NullPointerException: Cannot invoke "com.qa.utility.ConfigDataProvider.getBrowser()" because "this.config" is null
	at com.medhas.regression.BaseClass.setup(BaseClass.java:33)
... Removed 24 stack frames]]>
    </failure>
  </testcase> <!-- @BeforeClass setup -->
  <testcase classname="com.medhas.sanity.TestSelfMultipleCreateAccessRequestforApplication" name="@AfterMethod tearDownMethod" time="0.0">
    <skipped/>
  </testcase> <!-- @AfterMethod tearDownMethod -->
  <testcase classname="com.medhas.sanity.TestApplicationRequestPendingApprovals" name="@BeforeClass setup" time="0.0">
    <skipped/>
  </testcase> <!-- @BeforeClass setup -->
  <testcase classname="com.medhas.sanity.TestApplicationRequestPendingApprovals" name="@AfterMethod tearDownMethod" time="0.0">
    <skipped/>
  </testcase> <!-- @AfterMethod tearDownMethod -->
  <testcase classname="com.medhas.sanity.TestRejectPendingApprovalsforAppBulk" name="@BeforeClass setup" time="0.0">
    <skipped/>
  </testcase> <!-- @BeforeClass setup -->
  <testcase classname="com.medhas.sanity.TestRejectPendingApprovalsforAppBulk" name="@AfterMethod tearDownMethod" time="0.0">
    <skipped/>
  </testcase> <!-- @AfterMethod tearDownMethod -->
  <testcase classname="com.medhas.sanity.TestSelfReactivaterequestforFileserver" name="@BeforeClass setup" time="0.0">
    <skipped/>
  </testcase> <!-- @BeforeClass setup -->
  <testcase classname="com.medhas.sanity.TestSelfReactivaterequestforFileserver" name="@AfterMethod tearDownMethod" time="0.0">
    <skipped/>
  </testcase> <!-- @AfterMethod tearDownMethod -->
  <testcase classname="com.medhas.sanity.TestPendingApprovalsforAppBulk" name="@BeforeClass setup" time="0.0">
    <skipped/>
  </testcase> <!-- @BeforeClass setup -->
  <testcase classname="com.medhas.sanity.TestPendingApprovalsforAppBulk" name="@AfterMethod tearDownMethod" time="0.0">
    <skipped/>
  </testcase> <!-- @AfterMethod tearDownMethod -->
  <testcase classname="com.medhas.sanity.TestRejectAccessRequestPendingApprovals" name="@BeforeClass setup" time="0.0">
    <skipped/>
  </testcase> <!-- @BeforeClass setup -->
  <testcase classname="com.medhas.sanity.TestRejectAccessRequestPendingApprovals" name="@AfterMethod tearDownMethod" time="0.0">
    <skipped/>
  </testcase> <!-- @AfterMethod tearDownMethod -->
  <testcase classname="com.medhas.sanity.TestSelfCreateAccessRequestforFileserver" name="@BeforeClass setup" time="0.0">
    <skipped/>
  </testcase> <!-- @BeforeClass setup -->
  <testcase classname="com.medhas.sanity.TestSelfCreateAccessRequestforFileserver" name="@AfterMethod tearDownMethod" time="0.0">
    <skipped/>
  </testcase> <!-- @AfterMethod tearDownMethod -->
  <testcase classname="com.medhas.sanity.TestSelfDeactivaterequestforFileserver" name="@BeforeClass setup" time="0.0">
    <skipped/>
  </testcase> <!-- @BeforeClass setup -->
  <testcase classname="com.medhas.sanity.TestSelfDeactivaterequestforFileserver" name="@AfterMethod tearDownMethod" time="0.0">
    <skipped/>
  </testcase> <!-- @AfterMethod tearDownMethod -->
  <testcase classname="com.medhas.sanity.TestSelfModifyRequestforOperatingsystem" name="@BeforeClass setup" time="0.0">
    <skipped/>
  </testcase> <!-- @BeforeClass setup -->
  <testcase classname="com.medhas.sanity.TestSelfModifyRequestforOperatingsystem" name="@AfterMethod tearDownMethod" time="0.0">
    <skipped/>
  </testcase> <!-- @AfterMethod tearDownMethod -->
  <testcase classname="com.medhas.sanity.TestReactivateSelfApplicationaccessforsingleuser" name="@BeforeClass setup" time="0.0">
    <skipped/>
  </testcase> <!-- @BeforeClass setup -->
  <testcase classname="com.medhas.sanity.TestReactivateSelfApplicationaccessforsingleuser" name="@AfterMethod tearDownMethod" time="0.0">
    <skipped/>
  </testcase> <!-- @AfterMethod tearDownMethod -->
  <testcase classname="com.medhas.sanity.TestSelfCreateAccessRequestforOperatingsystem" name="@BeforeClass setup" time="0.0">
    <skipped/>
  </testcase> <!-- @BeforeClass setup -->
  <testcase classname="com.medhas.sanity.TestSelfCreateAccessRequestforOperatingsystem" name="@AfterMethod tearDownMethod" time="0.0">
    <skipped/>
  </testcase> <!-- @AfterMethod tearDownMethod -->
  <testcase classname="com.medhas.sanity.TestCreateOnbehalfActivedirectoryformultipleusers" name="@BeforeClass setup" time="0.0">
    <skipped/>
  </testcase> <!-- @BeforeClass setup -->
  <testcase classname="com.medhas.sanity.TestCreateOnbehalfActivedirectoryformultipleusers" name="@AfterMethod tearDownMethod" time="0.0">
    <skipped/>
  </testcase> <!-- @AfterMethod tearDownMethod -->
  <testcase classname="com.medhas.sanity.TestInventoryforPendingApprovals" name="@BeforeClass setup" time="0.0">
    <skipped/>
  </testcase> <!-- @BeforeClass setup -->
  <testcase classname="com.medhas.sanity.TestInventoryforPendingApprovals" name="@AfterMethod tearDownMethod" time="0.0">
    <skipped/>
  </testcase> <!-- @AfterMethod tearDownMethod -->
  <testcase classname="com.medhas.sanity.TestDeactivateSelfApplicationaccessforsingleuser" name="@BeforeClass setup" time="0.0">
    <skipped/>
  </testcase> <!-- @BeforeClass setup -->
  <testcase classname="com.medhas.sanity.TestDeactivateSelfApplicationaccessforsingleuser" name="@AfterMethod tearDownMethod" time="0.0">
    <skipped/>
  </testcase> <!-- @AfterMethod tearDownMethod -->
  <testcase classname="com.medhas.sanity.TestInventoryTemplateApplicationcreation" name="@BeforeClass setup" time="0.0">
    <skipped/>
  </testcase> <!-- @BeforeClass setup -->
  <testcase classname="com.medhas.sanity.TestInventoryTemplateApplicationcreation" name="@AfterMethod tearDownMethod" time="0.0">
    <skipped/>
  </testcase> <!-- @AfterMethod tearDownMethod -->
  <testcase classname="com.medhas.sanity.TestPendingApprovalsforInfraBulk" name="@BeforeClass setup" time="0.0">
    <skipped/>
  </testcase> <!-- @BeforeClass setup -->
  <testcase classname="com.medhas.sanity.TestPendingApprovalsforInfraBulk" name="@AfterMethod tearDownMethod" time="0.0">
    <skipped/>
  </testcase> <!-- @AfterMethod tearDownMethod -->
  <testcase classname="com.medhas.sanity.TestnotGrantPendingApprovalsforInfraBulk" name="@BeforeClass setup" time="0.0">
    <skipped/>
  </testcase> <!-- @BeforeClass setup -->
  <testcase classname="com.medhas.sanity.TestnotGrantPendingApprovalsforInfraBulk" name="@AfterMethod tearDownMethod" time="0.0">
    <skipped/>
  </testcase> <!-- @AfterMethod tearDownMethod -->
  <testcase classname="com.medhas.sanity.TestSubmitReworkRequest" name="@BeforeClass setup" time="0.0">
    <skipped/>
  </testcase> <!-- @BeforeClass setup -->
  <testcase classname="com.medhas.sanity.TestSubmitReworkRequest" name="@AfterMethod tearDownMethod" time="0.0">
    <skipped/>
  </testcase> <!-- @AfterMethod tearDownMethod -->
  <testcase classname="com.medhas.sanity.TestSelfDeactivaterequestforOperatingsystem" name="@BeforeClass setup" time="0.0">
    <skipped/>
  </testcase> <!-- @BeforeClass setup -->
  <testcase classname="com.medhas.sanity.TestSelfDeactivaterequestforOperatingsystem" name="@AfterMethod tearDownMethod" time="0.0">
    <skipped/>
  </testcase> <!-- @AfterMethod tearDownMethod -->
  <testcase classname="com.medhas.sanity.TestnotGrantPendingApprovalsforAppBulk" name="@BeforeClass setup" time="0.0">
    <skipped/>
  </testcase> <!-- @BeforeClass setup -->
  <testcase classname="com.medhas.sanity.TestnotGrantPendingApprovalsforAppBulk" name="@AfterMethod tearDownMethod" time="0.0">
    <skipped/>
  </testcase> <!-- @AfterMethod tearDownMethod -->
  <testcase classname="com.medhas.sanity.TestSelfSingleCreateAccessRequestforApplication" name="@BeforeClass setup" time="0.0">
    <skipped/>
  </testcase> <!-- @BeforeClass setup -->
  <testcase classname="com.medhas.sanity.TestSelfSingleCreateAccessRequestforApplication" name="@AfterMethod tearDownMethod" time="0.0">
    <skipped/>
  </testcase> <!-- @AfterMethod tearDownMethod -->
  <testcase classname="com.medhas.sanity.TestnotGrantApplicationRequestPendingApprovals" name="@BeforeClass setup" time="0.0">
    <skipped/>
  </testcase> <!-- @BeforeClass setup -->
  <testcase classname="com.medhas.sanity.TestnotGrantApplicationRequestPendingApprovals" name="@AfterMethod tearDownMethod" time="0.0">
    <skipped/>
  </testcase> <!-- @AfterMethod tearDownMethod -->
  <testcase classname="com.medhas.sanity.TestSelfModifyRequestforFileserver" name="@BeforeClass setup" time="0.0">
    <skipped/>
  </testcase> <!-- @BeforeClass setup -->
  <testcase classname="com.medhas.sanity.TestSelfModifyRequestforFileserver" name="@AfterMethod tearDownMethod" time="0.0">
    <skipped/>
  </testcase> <!-- @AfterMethod tearDownMethod -->
  <testcase classname="com.medhas.sanity.TestcreateInventoryforApplication" name="@BeforeClass setup" time="0.0">
    <skipped/>
  </testcase> <!-- @BeforeClass setup -->
  <testcase classname="com.medhas.sanity.TestcreateInventoryforApplication" name="@AfterMethod tearDownMethod" time="0.0">
    <skipped/>
  </testcase> <!-- @AfterMethod tearDownMethod -->
  <testcase classname="com.medhas.sanity.TestRejectPendingApprovalsforInfraBulk" name="@BeforeClass setup" time="0.0">
    <skipped/>
  </testcase> <!-- @BeforeClass setup -->
  <testcase classname="com.medhas.sanity.TestRejectPendingApprovalsforInfraBulk" name="@AfterMethod tearDownMethod" time="0.0">
    <skipped/>
  </testcase> <!-- @AfterMethod tearDownMethod -->
  <testcase classname="com.medhas.sanity.TestModifySelfApplicationaccessforsingleuser" name="@BeforeClass setup" time="0.0">
    <skipped/>
  </testcase> <!-- @BeforeClass setup -->
  <testcase classname="com.medhas.sanity.TestModifySelfApplicationaccessforsingleuser" name="@AfterMethod tearDownMethod" time="0.0">
    <skipped/>
  </testcase> <!-- @AfterMethod tearDownMethod -->
  <testcase classname="com.medhas.sanity.TestUserAccessReview" name="@BeforeClass setup" time="0.0">
    <skipped/>
  </testcase> <!-- @BeforeClass setup -->
  <testcase classname="com.medhas.sanity.TestUserAccessReview" name="@AfterMethod tearDownMethod" time="0.0">
    <skipped/>
  </testcase> <!-- @AfterMethod tearDownMethod -->
  <testcase classname="com.medhas.sanity.TestSaveasDraftSelfSingleCreateAccessRequestforApplication$TestSelfSingleCreateAccessRequestforApplication" name="@BeforeClass setup" time="0.0">
    <skipped/>
  </testcase> <!-- @BeforeClass setup -->
  <testcase classname="com.medhas.sanity.TestSaveasDraftSelfSingleCreateAccessRequestforApplication$TestSelfSingleCreateAccessRequestforApplication" name="@AfterMethod tearDownMethod" time="0.0">
    <skipped/>
  </testcase> <!-- @AfterMethod tearDownMethod -->
  <testcase classname="com.medhas.sanity.TestSendbackAccessRequestPendingApprovals" name="@BeforeClass setup" time="0.0">
    <skipped/>
  </testcase> <!-- @BeforeClass setup -->
  <testcase classname="com.medhas.sanity.TestSendbackAccessRequestPendingApprovals" name="@AfterMethod tearDownMethod" time="0.0">
    <skipped/>
  </testcase> <!-- @AfterMethod tearDownMethod -->
  <testcase classname="com.medhas.sanity.TestAccessRequestPendingApprovals" name="@BeforeClass setup" time="0.0">
    <skipped/>
  </testcase> <!-- @BeforeClass setup -->
  <testcase classname="com.medhas.sanity.TestAccessRequestPendingApprovals" name="@AfterMethod tearDownMethod" time="0.0">
    <skipped/>
  </testcase> <!-- @AfterMethod tearDownMethod -->
  <testcase classname="com.medhas.sanity.TestCreateMultipleUsersFileserverAccess" name="@BeforeClass setup" time="0.0">
    <skipped/>
  </testcase> <!-- @BeforeClass setup -->
  <testcase classname="com.medhas.sanity.TestCreateMultipleUsersFileserverAccess" name="@AfterMethod tearDownMethod" time="0.0">
    <skipped/>
  </testcase> <!-- @AfterMethod tearDownMethod -->
  <testcase classname="com.medhas.sanity.TestImportInventoryfromGlobal" name="@BeforeClass setup" time="0.0">
    <skipped/>
  </testcase> <!-- @BeforeClass setup -->
  <testcase classname="com.medhas.sanity.TestImportInventoryfromGlobal" name="@AfterMethod tearDownMethod" time="0.0">
    <skipped/>
  </testcase> <!-- @AfterMethod tearDownMethod -->
  <testcase classname="com.medhas.sanity.TestCreateMultipleUsersOSAccess" name="@BeforeClass setup" time="0.0">
    <skipped/>
  </testcase> <!-- @BeforeClass setup -->
  <testcase classname="com.medhas.sanity.TestCreateMultipleUsersOSAccess" name="@AfterMethod tearDownMethod" time="0.0">
    <skipped/>
  </testcase> <!-- @AfterMethod tearDownMethod -->
  <testcase classname="com.medhas.sanity.TestUserAccessReviewPendingApprovals" name="@BeforeClass setup" time="0.0">
    <skipped/>
  </testcase> <!-- @BeforeClass setup -->
  <testcase classname="com.medhas.sanity.TestUserAccessReviewPendingApprovals" name="@AfterMethod tearDownMethod" time="0.0">
    <skipped/>
  </testcase> <!-- @AfterMethod tearDownMethod -->
  <testcase classname="com.medhas.sanity.TestCreateOnbehalfActivedirectoryforsingleuser" name="@BeforeClass setup" time="0.0">
    <skipped/>
  </testcase> <!-- @BeforeClass setup -->
  <testcase classname="com.medhas.sanity.TestCreateOnbehalfActivedirectoryforsingleuser" name="@AfterMethod tearDownMethod" time="0.0">
    <skipped/>
  </testcase> <!-- @AfterMethod tearDownMethod -->
  <testcase classname="com.medhas.sanity.TestMultipleSelfAccessRequestforFileserver" name="@BeforeClass setup" time="0.0">
    <skipped/>
  </testcase> <!-- @BeforeClass setup -->
  <testcase classname="com.medhas.sanity.TestMultipleSelfAccessRequestforFileserver" name="@AfterMethod tearDownMethod" time="0.0">
    <skipped/>
  </testcase> <!-- @AfterMethod tearDownMethod -->
  <testcase classname="com.medhas.sanity.TestCreateOnbehalfApplicationaccessrequestformultipleaccess" name="@BeforeClass setup" time="0.0">
    <skipped/>
  </testcase> <!-- @BeforeClass setup -->
  <testcase classname="com.medhas.sanity.TestCreateOnbehalfApplicationaccessrequestformultipleaccess" name="@AfterMethod tearDownMethod" time="0.0">
    <skipped/>
  </testcase> <!-- @AfterMethod tearDownMethod -->
  <testcase classname="com.medhas.sanity.TestCreateMultipleAccessOperatingsystemforonbehalfsingleuser" name="@BeforeClass setup" time="0.0">
    <skipped/>
  </testcase> <!-- @BeforeClass setup -->
  <testcase classname="com.medhas.sanity.TestCreateMultipleAccessOperatingsystemforonbehalfsingleuser" name="@AfterMethod tearDownMethod" time="0.0">
    <skipped/>
  </testcase> <!-- @AfterMethod tearDownMethod -->
  <testcase classname="com.medhas.sanity.TestnotGrantAccessRequestPendingApprovals" name="@BeforeClass setup" time="0.0">
    <skipped/>
  </testcase> <!-- @BeforeClass setup -->
  <testcase classname="com.medhas.sanity.TestnotGrantAccessRequestPendingApprovals" name="@AfterMethod tearDownMethod" time="0.0">
    <skipped/>
  </testcase> <!-- @AfterMethod tearDownMethod -->
  <testcase classname="com.medhas.sanity.TestSelfReactivaterequestforOperatingsystem" name="@BeforeClass setup" time="0.0">
    <skipped/>
  </testcase> <!-- @BeforeClass setup -->
  <testcase classname="com.medhas.sanity.TestSelfReactivaterequestforOperatingsystem" name="@AfterMethod tearDownMethod" time="0.0">
    <skipped/>
  </testcase> <!-- @AfterMethod tearDownMethod -->
  <testcase classname="com.medhas.sanity.TestSelfMultipleCreateAccessRequestforApplication" name="@AfterMethod tearDownMethod" time="0.0">
    <skipped/>
  </testcase> <!-- @AfterMethod tearDownMethod -->
  <testcase classname="com.medhas.sanity.TestApplicationRequestPendingApprovals" name="@AfterMethod tearDownMethod" time="0.0">
    <skipped/>
  </testcase> <!-- @AfterMethod tearDownMethod -->
  <testcase classname="com.medhas.sanity.TestRejectPendingApprovalsforAppBulk" name="@AfterMethod tearDownMethod" time="0.0">
    <skipped/>
  </testcase> <!-- @AfterMethod tearDownMethod -->
  <testcase classname="com.medhas.sanity.TestSelfReactivaterequestforFileserver" name="@AfterMethod tearDownMethod" time="0.0">
    <skipped/>
  </testcase> <!-- @AfterMethod tearDownMethod -->
  <testcase classname="com.medhas.sanity.TestPendingApprovalsforAppBulk" name="@AfterMethod tearDownMethod" time="0.0">
    <skipped/>
  </testcase> <!-- @AfterMethod tearDownMethod -->
  <testcase classname="com.medhas.sanity.TestRejectAccessRequestPendingApprovals" name="@AfterMethod tearDownMethod" time="0.0">
    <skipped/>
  </testcase> <!-- @AfterMethod tearDownMethod -->
  <testcase classname="com.medhas.sanity.TestSelfCreateAccessRequestforFileserver" name="@AfterMethod tearDownMethod" time="0.0">
    <skipped/>
  </testcase> <!-- @AfterMethod tearDownMethod -->
  <testcase classname="com.medhas.sanity.TestSelfDeactivaterequestforFileserver" name="@AfterMethod tearDownMethod" time="0.0">
    <skipped/>
  </testcase> <!-- @AfterMethod tearDownMethod -->
  <testcase classname="com.medhas.sanity.TestSelfModifyRequestforOperatingsystem" name="@AfterMethod tearDownMethod" time="0.0">
    <skipped/>
  </testcase> <!-- @AfterMethod tearDownMethod -->
  <testcase classname="com.medhas.sanity.TestReactivateSelfApplicationaccessforsingleuser" name="@AfterMethod tearDownMethod" time="0.0">
    <skipped/>
  </testcase> <!-- @AfterMethod tearDownMethod -->
  <testcase classname="com.medhas.sanity.TestSelfCreateAccessRequestforOperatingsystem" name="@AfterMethod tearDownMethod" time="0.0">
    <skipped/>
  </testcase> <!-- @AfterMethod tearDownMethod -->
  <testcase classname="com.medhas.sanity.TestCreateOnbehalfActivedirectoryformultipleusers" name="@AfterMethod tearDownMethod" time="0.0">
    <skipped/>
  </testcase> <!-- @AfterMethod tearDownMethod -->
  <testcase classname="com.medhas.sanity.TestInventoryforPendingApprovals" name="@AfterMethod tearDownMethod" time="0.0">
    <skipped/>
  </testcase> <!-- @AfterMethod tearDownMethod -->
  <testcase classname="com.medhas.sanity.TestInventoryforPendingApprovals" name="@AfterClass tearDown" time="0.0">
    <skipped/>
  </testcase> <!-- @AfterClass tearDown -->
  <testcase classname="com.medhas.sanity.TestDeactivateSelfApplicationaccessforsingleuser" name="@AfterMethod tearDownMethod" time="0.0">
    <skipped/>
  </testcase> <!-- @AfterMethod tearDownMethod -->
  <testcase classname="com.medhas.sanity.TestInventoryTemplateApplicationcreation" name="@AfterMethod tearDownMethod" time="0.0">
    <skipped/>
  </testcase> <!-- @AfterMethod tearDownMethod -->
  <testcase classname="com.medhas.sanity.TestPendingApprovalsforInfraBulk" name="@AfterMethod tearDownMethod" time="0.0">
    <skipped/>
  </testcase> <!-- @AfterMethod tearDownMethod -->
  <testcase classname="com.medhas.sanity.TestnotGrantPendingApprovalsforInfraBulk" name="@AfterMethod tearDownMethod" time="0.0">
    <skipped/>
  </testcase> <!-- @AfterMethod tearDownMethod -->
  <testcase classname="com.medhas.sanity.TestSubmitReworkRequest" name="@AfterMethod tearDownMethod" time="0.0">
    <skipped/>
  </testcase> <!-- @AfterMethod tearDownMethod -->
  <testcase classname="com.medhas.sanity.TestSubmitReworkRequest" name="@AfterClass tearDown" time="0.0">
    <skipped/>
  </testcase> <!-- @AfterClass tearDown -->
  <testcase classname="com.medhas.sanity.TestSelfDeactivaterequestforOperatingsystem" name="@AfterMethod tearDownMethod" time="0.0">
    <skipped/>
  </testcase> <!-- @AfterMethod tearDownMethod -->
  <testcase classname="com.medhas.sanity.TestnotGrantPendingApprovalsforAppBulk" name="@AfterMethod tearDownMethod" time="0.0">
    <skipped/>
  </testcase> <!-- @AfterMethod tearDownMethod -->
  <testcase classname="com.medhas.sanity.TestSelfSingleCreateAccessRequestforApplication" name="@AfterMethod tearDownMethod" time="0.0">
    <skipped/>
  </testcase> <!-- @AfterMethod tearDownMethod -->
  <testcase classname="com.medhas.sanity.TestnotGrantApplicationRequestPendingApprovals" name="@AfterMethod tearDownMethod" time="0.0">
    <skipped/>
  </testcase> <!-- @AfterMethod tearDownMethod -->
  <testcase classname="com.medhas.sanity.TestSelfModifyRequestforFileserver" name="@AfterMethod tearDownMethod" time="0.0">
    <skipped/>
  </testcase> <!-- @AfterMethod tearDownMethod -->
  <testcase classname="com.medhas.sanity.TestcreateInventoryforApplication" name="@AfterMethod tearDownMethod" time="0.0">
    <skipped/>
  </testcase> <!-- @AfterMethod tearDownMethod -->
  <testcase classname="com.medhas.sanity.TestRejectPendingApprovalsforInfraBulk" name="@AfterMethod tearDownMethod" time="0.0">
    <skipped/>
  </testcase> <!-- @AfterMethod tearDownMethod -->
  <testcase classname="com.medhas.sanity.TestModifySelfApplicationaccessforsingleuser" name="@AfterMethod tearDownMethod" time="0.0">
    <skipped/>
  </testcase> <!-- @AfterMethod tearDownMethod -->
  <testcase classname="com.medhas.sanity.TestUserAccessReview" name="@AfterMethod tearDownMethod" time="0.0">
    <skipped/>
  </testcase> <!-- @AfterMethod tearDownMethod -->
  <testcase classname="com.medhas.sanity.TestUserAccessReview" name="@AfterClass tearDown" time="0.0">
    <skipped/>
  </testcase> <!-- @AfterClass tearDown -->
  <testcase classname="com.medhas.sanity.TestSaveasDraftSelfSingleCreateAccessRequestforApplication$TestSelfSingleCreateAccessRequestforApplication" name="@AfterMethod tearDownMethod" time="0.0">
    <skipped/>
  </testcase> <!-- @AfterMethod tearDownMethod -->
  <testcase classname="com.medhas.sanity.TestSendbackAccessRequestPendingApprovals" name="@AfterMethod tearDownMethod" time="0.0">
    <skipped/>
  </testcase> <!-- @AfterMethod tearDownMethod -->
  <testcase classname="com.medhas.sanity.TestAccessRequestPendingApprovals" name="@AfterMethod tearDownMethod" time="0.0">
    <skipped/>
  </testcase> <!-- @AfterMethod tearDownMethod -->
  <testcase classname="com.medhas.sanity.TestCreateMultipleUsersFileserverAccess" name="@AfterMethod tearDownMethod" time="0.0">
    <skipped/>
  </testcase> <!-- @AfterMethod tearDownMethod -->
  <testcase classname="com.medhas.sanity.TestImportInventoryfromGlobal" name="@AfterMethod tearDownMethod" time="0.0">
    <skipped/>
  </testcase> <!-- @AfterMethod tearDownMethod -->
  <testcase classname="com.medhas.sanity.TestCreateMultipleUsersOSAccess" name="@AfterMethod tearDownMethod" time="0.0">
    <skipped/>
  </testcase> <!-- @AfterMethod tearDownMethod -->
  <testcase classname="com.medhas.sanity.TestUserAccessReviewPendingApprovals" name="@AfterMethod tearDownMethod" time="0.0">
    <skipped/>
  </testcase> <!-- @AfterMethod tearDownMethod -->
  <testcase classname="com.medhas.sanity.TestCreateOnbehalfActivedirectoryforsingleuser" name="@AfterMethod tearDownMethod" time="0.0">
    <skipped/>
  </testcase> <!-- @AfterMethod tearDownMethod -->
  <testcase classname="com.medhas.sanity.TestMultipleSelfAccessRequestforFileserver" name="@AfterMethod tearDownMethod" time="0.0">
    <skipped/>
  </testcase> <!-- @AfterMethod tearDownMethod -->
  <testcase classname="com.medhas.sanity.TestCreateOnbehalfApplicationaccessrequestformultipleaccess" name="@AfterMethod tearDownMethod" time="0.0">
    <skipped/>
  </testcase> <!-- @AfterMethod tearDownMethod -->
  <testcase classname="com.medhas.sanity.TestCreateMultipleAccessOperatingsystemforonbehalfsingleuser" name="@AfterMethod tearDownMethod" time="0.0">
    <skipped/>
  </testcase> <!-- @AfterMethod tearDownMethod -->
  <testcase classname="com.medhas.sanity.TestnotGrantAccessRequestPendingApprovals" name="@AfterMethod tearDownMethod" time="0.0">
    <skipped/>
  </testcase> <!-- @AfterMethod tearDownMethod -->
  <testcase classname="com.medhas.sanity.TestSelfReactivaterequestforOperatingsystem" name="@AfterMethod tearDownMethod" time="0.0">
    <skipped/>
  </testcase> <!-- @AfterMethod tearDownMethod -->
  <testcase classname="com.medhas.sanity.TestSelfMultipleCreateAccessRequestforApplication" name="@AfterMethod tearDownMethod" time="0.0">
    <skipped/>
  </testcase> <!-- @AfterMethod tearDownMethod -->
  <testcase classname="com.medhas.sanity.TestApplicationRequestPendingApprovals" name="@AfterMethod tearDownMethod" time="0.0">
    <skipped/>
  </testcase> <!-- @AfterMethod tearDownMethod -->
  <testcase classname="com.medhas.sanity.TestRejectPendingApprovalsforAppBulk" name="@AfterMethod tearDownMethod" time="0.0">
    <skipped/>
  </testcase> <!-- @AfterMethod tearDownMethod -->
  <testcase classname="com.medhas.sanity.TestRejectPendingApprovalsforAppBulk" name="@AfterClass tearDown" time="0.0">
    <skipped/>
  </testcase> <!-- @AfterClass tearDown -->
  <testcase classname="com.medhas.sanity.TestSelfReactivaterequestforFileserver" name="@AfterMethod tearDownMethod" time="0.0">
    <skipped/>
  </testcase> <!-- @AfterMethod tearDownMethod -->
  <testcase classname="com.medhas.sanity.TestPendingApprovalsforAppBulk" name="@AfterMethod tearDownMethod" time="0.0">
    <skipped/>
  </testcase> <!-- @AfterMethod tearDownMethod -->
  <testcase classname="com.medhas.sanity.TestRejectAccessRequestPendingApprovals" name="@AfterMethod tearDownMethod" time="0.0">
    <skipped/>
  </testcase> <!-- @AfterMethod tearDownMethod -->
  <testcase classname="com.medhas.sanity.TestRejectAccessRequestPendingApprovals" name="@AfterClass tearDown" time="0.0">
    <skipped/>
  </testcase> <!-- @AfterClass tearDown -->
  <testcase classname="com.medhas.sanity.TestSelfCreateAccessRequestforFileserver" name="@AfterMethod tearDownMethod" time="0.0">
    <skipped/>
  </testcase> <!-- @AfterMethod tearDownMethod -->
  <testcase classname="com.medhas.sanity.TestSelfDeactivaterequestforFileserver" name="@AfterMethod tearDownMethod" time="0.0">
    <skipped/>
  </testcase> <!-- @AfterMethod tearDownMethod -->
  <testcase classname="com.medhas.sanity.TestSelfModifyRequestforOperatingsystem" name="@AfterMethod tearDownMethod" time="0.0">
    <skipped/>
  </testcase> <!-- @AfterMethod tearDownMethod -->
  <testcase classname="com.medhas.sanity.TestReactivateSelfApplicationaccessforsingleuser" name="@AfterMethod tearDownMethod" time="0.0">
    <skipped/>
  </testcase> <!-- @AfterMethod tearDownMethod -->
  <testcase classname="com.medhas.sanity.TestSelfCreateAccessRequestforOperatingsystem" name="@AfterMethod tearDownMethod" time="0.0">
    <skipped/>
  </testcase> <!-- @AfterMethod tearDownMethod -->
  <testcase classname="com.medhas.sanity.TestCreateOnbehalfActivedirectoryformultipleusers" name="@AfterMethod tearDownMethod" time="0.0">
    <skipped/>
  </testcase> <!-- @AfterMethod tearDownMethod -->
  <testcase classname="com.medhas.sanity.TestDeactivateSelfApplicationaccessforsingleuser" name="@AfterMethod tearDownMethod" time="0.0">
    <skipped/>
  </testcase> <!-- @AfterMethod tearDownMethod -->
  <testcase classname="com.medhas.sanity.TestInventoryTemplateApplicationcreation" name="@AfterMethod tearDownMethod" time="0.0">
    <skipped/>
  </testcase> <!-- @AfterMethod tearDownMethod -->
  <testcase classname="com.medhas.sanity.TestPendingApprovalsforInfraBulk" name="@AfterMethod tearDownMethod" time="0.0">
    <skipped/>
  </testcase> <!-- @AfterMethod tearDownMethod -->
  <testcase classname="com.medhas.sanity.TestnotGrantPendingApprovalsforInfraBulk" name="@AfterMethod tearDownMethod" time="0.0">
    <skipped/>
  </testcase> <!-- @AfterMethod tearDownMethod -->
  <testcase classname="com.medhas.sanity.TestSelfDeactivaterequestforOperatingsystem" name="@AfterMethod tearDownMethod" time="0.0">
    <skipped/>
  </testcase> <!-- @AfterMethod tearDownMethod -->
  <testcase classname="com.medhas.sanity.TestnotGrantPendingApprovalsforAppBulk" name="@AfterMethod tearDownMethod" time="0.0">
    <skipped/>
  </testcase> <!-- @AfterMethod tearDownMethod -->
  <testcase classname="com.medhas.sanity.TestSelfSingleCreateAccessRequestforApplication" name="@AfterMethod tearDownMethod" time="0.0">
    <skipped/>
  </testcase> <!-- @AfterMethod tearDownMethod -->
  <testcase classname="com.medhas.sanity.TestnotGrantApplicationRequestPendingApprovals" name="@AfterMethod tearDownMethod" time="0.0">
    <skipped/>
  </testcase> <!-- @AfterMethod tearDownMethod -->
  <testcase classname="com.medhas.sanity.TestSelfModifyRequestforFileserver" name="@AfterMethod tearDownMethod" time="0.0">
    <skipped/>
  </testcase> <!-- @AfterMethod tearDownMethod -->
  <testcase classname="com.medhas.sanity.TestcreateInventoryforApplication" name="@AfterMethod tearDownMethod" time="0.0">
    <skipped/>
  </testcase> <!-- @AfterMethod tearDownMethod -->
  <testcase classname="com.medhas.sanity.TestRejectPendingApprovalsforInfraBulk" name="@AfterMethod tearDownMethod" time="0.0">
    <skipped/>
  </testcase> <!-- @AfterMethod tearDownMethod -->
  <testcase classname="com.medhas.sanity.TestRejectPendingApprovalsforInfraBulk" name="@AfterClass tearDown" time="0.0">
    <skipped/>
  </testcase> <!-- @AfterClass tearDown -->
  <testcase classname="com.medhas.sanity.TestModifySelfApplicationaccessforsingleuser" name="@AfterMethod tearDownMethod" time="0.0">
    <skipped/>
  </testcase> <!-- @AfterMethod tearDownMethod -->
  <testcase classname="com.medhas.sanity.TestSaveasDraftSelfSingleCreateAccessRequestforApplication$TestSelfSingleCreateAccessRequestforApplication" name="@AfterMethod tearDownMethod" time="0.0">
    <skipped/>
  </testcase> <!-- @AfterMethod tearDownMethod -->
  <testcase classname="com.medhas.sanity.TestSendbackAccessRequestPendingApprovals" name="@AfterMethod tearDownMethod" time="0.0">
    <skipped/>
  </testcase> <!-- @AfterMethod tearDownMethod -->
  <testcase classname="com.medhas.sanity.TestSendbackAccessRequestPendingApprovals" name="@AfterClass tearDown" time="0.0">
    <skipped/>
  </testcase> <!-- @AfterClass tearDown -->
  <testcase classname="com.medhas.sanity.TestAccessRequestPendingApprovals" name="@AfterMethod tearDownMethod" time="0.0">
    <skipped/>
  </testcase> <!-- @AfterMethod tearDownMethod -->
  <testcase classname="com.medhas.sanity.TestCreateMultipleUsersFileserverAccess" name="@AfterMethod tearDownMethod" time="0.0">
    <skipped/>
  </testcase> <!-- @AfterMethod tearDownMethod -->
  <testcase classname="com.medhas.sanity.TestImportInventoryfromGlobal" name="@AfterMethod tearDownMethod" time="0.0">
    <skipped/>
  </testcase> <!-- @AfterMethod tearDownMethod -->
  <testcase classname="com.medhas.sanity.TestImportInventoryfromGlobal" name="@AfterClass tearDown" time="0.0">
    <skipped/>
  </testcase> <!-- @AfterClass tearDown -->
  <testcase classname="com.medhas.sanity.TestCreateMultipleUsersOSAccess" name="@AfterMethod tearDownMethod" time="0.0">
    <skipped/>
  </testcase> <!-- @AfterMethod tearDownMethod -->
  <testcase classname="com.medhas.sanity.TestUserAccessReviewPendingApprovals" name="@AfterMethod tearDownMethod" time="0.0">
    <skipped/>
  </testcase> <!-- @AfterMethod tearDownMethod -->
  <testcase classname="com.medhas.sanity.TestUserAccessReviewPendingApprovals" name="@AfterMethod tearDownMethod" time="0.0">
    <skipped/>
  </testcase> <!-- @AfterMethod tearDownMethod -->
  <testcase classname="com.medhas.sanity.TestCreateOnbehalfActivedirectoryforsingleuser" name="@AfterMethod tearDownMethod" time="0.0">
    <skipped/>
  </testcase> <!-- @AfterMethod tearDownMethod -->
  <testcase classname="com.medhas.sanity.TestMultipleSelfAccessRequestforFileserver" name="@AfterMethod tearDownMethod" time="0.0">
    <skipped/>
  </testcase> <!-- @AfterMethod tearDownMethod -->
  <testcase classname="com.medhas.sanity.TestCreateOnbehalfApplicationaccessrequestformultipleaccess" name="@AfterMethod tearDownMethod" time="0.0">
    <skipped/>
  </testcase> <!-- @AfterMethod tearDownMethod -->
  <testcase classname="com.medhas.sanity.TestCreateMultipleAccessOperatingsystemforonbehalfsingleuser" name="@AfterMethod tearDownMethod" time="0.0">
    <skipped/>
  </testcase> <!-- @AfterMethod tearDownMethod -->
  <testcase classname="com.medhas.sanity.TestnotGrantAccessRequestPendingApprovals" name="@AfterMethod tearDownMethod" time="0.0">
    <skipped/>
  </testcase> <!-- @AfterMethod tearDownMethod -->
  <testcase classname="com.medhas.sanity.TestSelfReactivaterequestforOperatingsystem" name="@AfterMethod tearDownMethod" time="0.0">
    <skipped/>
  </testcase> <!-- @AfterMethod tearDownMethod -->
  <testcase classname="com.medhas.sanity.TestSelfMultipleCreateAccessRequestforApplication" name="@AfterMethod tearDownMethod" time="0.0">
    <skipped/>
  </testcase> <!-- @AfterMethod tearDownMethod -->
  <testcase classname="com.medhas.sanity.TestApplicationRequestPendingApprovals" name="@AfterMethod tearDownMethod" time="0.0">
    <skipped/>
  </testcase> <!-- @AfterMethod tearDownMethod -->
  <testcase classname="com.medhas.sanity.TestSelfReactivaterequestforFileserver" name="@AfterMethod tearDownMethod" time="0.0">
    <skipped/>
  </testcase> <!-- @AfterMethod tearDownMethod -->
  <testcase classname="com.medhas.sanity.TestSelfReactivaterequestforFileserver" name="@AfterClass tearDown" time="0.0">
    <skipped/>
  </testcase> <!-- @AfterClass tearDown -->
  <testcase classname="com.medhas.sanity.TestPendingApprovalsforAppBulk" name="@AfterMethod tearDownMethod" time="0.0">
    <skipped/>
  </testcase> <!-- @AfterMethod tearDownMethod -->
  <testcase classname="com.medhas.sanity.TestSelfCreateAccessRequestforFileserver" name="@AfterMethod tearDownMethod" time="0.0">
    <skipped/>
  </testcase> <!-- @AfterMethod tearDownMethod -->
  <testcase classname="com.medhas.sanity.TestSelfDeactivaterequestforFileserver" name="@AfterMethod tearDownMethod" time="0.0">
    <skipped/>
  </testcase> <!-- @AfterMethod tearDownMethod -->
  <testcase classname="com.medhas.sanity.TestSelfDeactivaterequestforFileserver" name="@AfterClass tearDown" time="0.0">
    <skipped/>
  </testcase> <!-- @AfterClass tearDown -->
  <testcase classname="com.medhas.sanity.TestSelfModifyRequestforOperatingsystem" name="@AfterMethod tearDownMethod" time="0.0">
    <skipped/>
  </testcase> <!-- @AfterMethod tearDownMethod -->
  <testcase classname="com.medhas.sanity.TestReactivateSelfApplicationaccessforsingleuser" name="@AfterMethod tearDownMethod" time="0.0">
    <skipped/>
  </testcase> <!-- @AfterMethod tearDownMethod -->
  <testcase classname="com.medhas.sanity.TestReactivateSelfApplicationaccessforsingleuser" name="@AfterClass tearDown" time="0.0">
    <skipped/>
  </testcase> <!-- @AfterClass tearDown -->
  <testcase classname="com.medhas.sanity.TestSelfCreateAccessRequestforOperatingsystem" name="@AfterMethod tearDownMethod" time="0.0">
    <skipped/>
  </testcase> <!-- @AfterMethod tearDownMethod -->
  <testcase classname="com.medhas.sanity.TestCreateOnbehalfActivedirectoryformultipleusers" name="@AfterMethod tearDownMethod" time="0.0">
    <skipped/>
  </testcase> <!-- @AfterMethod tearDownMethod -->
  <testcase classname="com.medhas.sanity.TestDeactivateSelfApplicationaccessforsingleuser" name="@AfterMethod tearDownMethod" time="0.0">
    <skipped/>
  </testcase> <!-- @AfterMethod tearDownMethod -->
  <testcase classname="com.medhas.sanity.TestDeactivateSelfApplicationaccessforsingleuser" name="@AfterClass tearDown" time="0.0">
    <skipped/>
  </testcase> <!-- @AfterClass tearDown -->
  <testcase classname="com.medhas.sanity.TestInventoryTemplateApplicationcreation" name="@AfterMethod tearDownMethod" time="0.0">
    <skipped/>
  </testcase> <!-- @AfterMethod tearDownMethod -->
  <testcase classname="com.medhas.sanity.TestPendingApprovalsforInfraBulk" name="@AfterMethod tearDownMethod" time="0.0">
    <skipped/>
  </testcase> <!-- @AfterMethod tearDownMethod -->
  <testcase classname="com.medhas.sanity.TestSelfDeactivaterequestforOperatingsystem" name="@AfterMethod tearDownMethod" time="0.0">
    <skipped/>
  </testcase> <!-- @AfterMethod tearDownMethod -->
  <testcase classname="com.medhas.sanity.TestSelfDeactivaterequestforOperatingsystem" name="@AfterClass tearDown" time="0.0">
    <skipped/>
  </testcase> <!-- @AfterClass tearDown -->
  <testcase classname="com.medhas.sanity.TestnotGrantApplicationRequestPendingApprovals" name="@AfterMethod tearDownMethod" time="0.0">
    <skipped/>
  </testcase> <!-- @AfterMethod tearDownMethod -->
  <testcase classname="com.medhas.sanity.TestSelfModifyRequestforFileserver" name="@AfterMethod tearDownMethod" time="0.0">
    <skipped/>
  </testcase> <!-- @AfterMethod tearDownMethod -->
  <testcase classname="com.medhas.sanity.TestcreateInventoryforApplication" name="@AfterMethod tearDownMethod" time="0.0">
    <skipped/>
  </testcase> <!-- @AfterMethod tearDownMethod -->
  <testcase classname="com.medhas.sanity.TestModifySelfApplicationaccessforsingleuser" name="@AfterMethod tearDownMethod" time="0.0">
    <skipped/>
  </testcase> <!-- @AfterMethod tearDownMethod -->
  <testcase classname="com.medhas.sanity.TestAccessRequestPendingApprovals" name="@AfterMethod tearDownMethod" time="0.0">
    <skipped/>
  </testcase> <!-- @AfterMethod tearDownMethod -->
  <testcase classname="com.medhas.sanity.TestCreateMultipleUsersFileserverAccess" name="@AfterMethod tearDownMethod" time="0.0">
    <skipped/>
  </testcase> <!-- @AfterMethod tearDownMethod -->
  <testcase classname="com.medhas.sanity.TestCreateMultipleUsersOSAccess" name="@AfterMethod tearDownMethod" time="0.0">
    <skipped/>
  </testcase> <!-- @AfterMethod tearDownMethod -->
  <testcase classname="com.medhas.sanity.TestUserAccessReviewPendingApprovals" name="@AfterMethod tearDownMethod" time="0.0">
    <skipped/>
  </testcase> <!-- @AfterMethod tearDownMethod -->
  <testcase classname="com.medhas.sanity.TestCreateOnbehalfActivedirectoryforsingleuser" name="@AfterMethod tearDownMethod" time="0.0">
    <skipped/>
  </testcase> <!-- @AfterMethod tearDownMethod -->
  <testcase classname="com.medhas.sanity.TestMultipleSelfAccessRequestforFileserver" name="@AfterMethod tearDownMethod" time="0.0">
    <skipped/>
  </testcase> <!-- @AfterMethod tearDownMethod -->
  <testcase classname="com.medhas.sanity.TestCreateOnbehalfApplicationaccessrequestformultipleaccess" name="@AfterMethod tearDownMethod" time="0.0">
    <skipped/>
  </testcase> <!-- @AfterMethod tearDownMethod -->
  <testcase classname="com.medhas.sanity.TestCreateMultipleAccessOperatingsystemforonbehalfsingleuser" name="@AfterMethod tearDownMethod" time="0.0">
    <skipped/>
  </testcase> <!-- @AfterMethod tearDownMethod -->
  <testcase classname="com.medhas.sanity.TestnotGrantAccessRequestPendingApprovals" name="@AfterMethod tearDownMethod" time="0.0">
    <skipped/>
  </testcase> <!-- @AfterMethod tearDownMethod -->
  <testcase classname="com.medhas.sanity.TestSelfReactivaterequestforOperatingsystem" name="@AfterMethod tearDownMethod" time="0.0">
    <skipped/>
  </testcase> <!-- @AfterMethod tearDownMethod -->
  <testcase classname="com.medhas.sanity.TestSelfReactivaterequestforOperatingsystem" name="@AfterClass tearDown" time="0.0">
    <skipped/>
  </testcase> <!-- @AfterClass tearDown -->
  <testcase classname="com.medhas.sanity.TestSelfMultipleCreateAccessRequestforApplication" name="@AfterMethod tearDownMethod" time="0.0">
    <skipped/>
  </testcase> <!-- @AfterMethod tearDownMethod -->
  <testcase classname="com.medhas.sanity.TestApplicationRequestPendingApprovals" name="@AfterMethod tearDownMethod" time="0.0">
    <skipped/>
  </testcase> <!-- @AfterMethod tearDownMethod -->
  <testcase classname="com.medhas.sanity.TestPendingApprovalsforAppBulk" name="@AfterMethod tearDownMethod" time="0.0">
    <skipped/>
  </testcase> <!-- @AfterMethod tearDownMethod -->
  <testcase classname="com.medhas.sanity.TestSelfCreateAccessRequestforFileserver" name="@AfterMethod tearDownMethod" time="0.0">
    <skipped/>
  </testcase> <!-- @AfterMethod tearDownMethod -->
  <testcase classname="com.medhas.sanity.TestSelfCreateAccessRequestforFileserver" name="@AfterClass tearDown" time="0.0">
    <skipped/>
  </testcase> <!-- @AfterClass tearDown -->
  <testcase classname="com.medhas.sanity.TestSelfModifyRequestforOperatingsystem" name="@AfterMethod tearDownMethod" time="0.0">
    <skipped/>
  </testcase> <!-- @AfterMethod tearDownMethod -->
  <testcase classname="com.medhas.sanity.TestSelfModifyRequestforOperatingsystem" name="@AfterClass tearDown" time="0.0">
    <skipped/>
  </testcase> <!-- @AfterClass tearDown -->
  <testcase classname="com.medhas.sanity.TestSelfCreateAccessRequestforOperatingsystem" name="@AfterMethod tearDownMethod" time="0.0">
    <skipped/>
  </testcase> <!-- @AfterMethod tearDownMethod -->
  <testcase classname="com.medhas.sanity.TestSelfCreateAccessRequestforOperatingsystem" name="@AfterClass tearDown" time="0.0">
    <skipped/>
  </testcase> <!-- @AfterClass tearDown -->
  <testcase classname="com.medhas.sanity.TestCreateOnbehalfActivedirectoryformultipleusers" name="@AfterMethod tearDownMethod" time="0.0">
    <skipped/>
  </testcase> <!-- @AfterMethod tearDownMethod -->
  <testcase classname="com.medhas.sanity.TestCreateOnbehalfActivedirectoryformultipleusers" name="@AfterClass tearDown" time="0.0">
    <skipped/>
  </testcase> <!-- @AfterClass tearDown -->
  <testcase classname="com.medhas.sanity.TestInventoryTemplateApplicationcreation" name="@AfterMethod tearDownMethod" time="0.0">
    <skipped/>
  </testcase> <!-- @AfterMethod tearDownMethod -->
  <testcase classname="com.medhas.sanity.TestPendingApprovalsforInfraBulk" name="@AfterMethod tearDownMethod" time="0.0">
    <skipped/>
  </testcase> <!-- @AfterMethod tearDownMethod -->
  <testcase classname="com.medhas.sanity.TestSelfSingleCreateAccessRequestforApplication" name="@AfterMethod tearDownMethod" time="0.0">
    <skipped/>
  </testcase> <!-- @AfterMethod tearDownMethod -->
  <testcase classname="com.medhas.sanity.TestSelfSingleCreateAccessRequestforApplication" name="@AfterClass tearDown" time="0.0">
    <skipped/>
  </testcase> <!-- @AfterClass tearDown -->
  <testcase classname="com.medhas.sanity.TestnotGrantApplicationRequestPendingApprovals" name="@AfterMethod tearDownMethod" time="0.0">
    <skipped/>
  </testcase> <!-- @AfterMethod tearDownMethod -->
  <testcase classname="com.medhas.sanity.TestSelfModifyRequestforFileserver" name="@AfterMethod tearDownMethod" time="0.0">
    <skipped/>
  </testcase> <!-- @AfterMethod tearDownMethod -->
  <testcase classname="com.medhas.sanity.TestSelfModifyRequestforFileserver" name="@AfterClass tearDown" time="0.0">
    <skipped/>
  </testcase> <!-- @AfterClass tearDown -->
  <testcase classname="com.medhas.sanity.TestcreateInventoryforApplication" name="@AfterMethod tearDownMethod" time="0.0">
    <skipped/>
  </testcase> <!-- @AfterMethod tearDownMethod -->
  <testcase classname="com.medhas.sanity.TestcreateInventoryforApplication" name="@AfterClass tearDown" time="0.0">
    <skipped/>
  </testcase> <!-- @AfterClass tearDown -->
  <testcase classname="com.medhas.sanity.TestModifySelfApplicationaccessforsingleuser" name="@AfterMethod tearDownMethod" time="0.0">
    <skipped/>
  </testcase> <!-- @AfterMethod tearDownMethod -->
  <testcase classname="com.medhas.sanity.TestModifySelfApplicationaccessforsingleuser" name="@AfterClass tearDown" time="0.0">
    <skipped/>
  </testcase> <!-- @AfterClass tearDown -->
  <testcase classname="com.medhas.sanity.TestSaveasDraftSelfSingleCreateAccessRequestforApplication$TestSelfSingleCreateAccessRequestforApplication" name="@AfterMethod tearDownMethod" time="0.0">
    <skipped/>
  </testcase> <!-- @AfterMethod tearDownMethod -->
  <testcase classname="com.medhas.sanity.TestAccessRequestPendingApprovals" name="@AfterMethod tearDownMethod" time="0.0">
    <skipped/>
  </testcase> <!-- @AfterMethod tearDownMethod -->
  <testcase classname="com.medhas.sanity.TestCreateMultipleUsersFileserverAccess" name="@AfterMethod tearDownMethod" time="0.0">
    <skipped/>
  </testcase> <!-- @AfterMethod tearDownMethod -->
  <testcase classname="com.medhas.sanity.TestCreateMultipleUsersOSAccess" name="@AfterMethod tearDownMethod" time="0.0">
    <skipped/>
  </testcase> <!-- @AfterMethod tearDownMethod -->
  <testcase classname="com.medhas.sanity.TestUserAccessReviewPendingApprovals" name="@AfterMethod tearDownMethod" time="0.0">
    <skipped/>
  </testcase> <!-- @AfterMethod tearDownMethod -->
  <testcase classname="com.medhas.sanity.TestUserAccessReviewPendingApprovals" name="@AfterClass tearDown" time="0.0">
    <skipped/>
  </testcase> <!-- @AfterClass tearDown -->
  <testcase classname="com.medhas.sanity.TestCreateOnbehalfActivedirectoryforsingleuser" name="@AfterMethod tearDownMethod" time="0.0">
    <skipped/>
  </testcase> <!-- @AfterMethod tearDownMethod -->
  <testcase classname="com.medhas.sanity.TestCreateOnbehalfActivedirectoryforsingleuser" name="@AfterClass tearDown" time="0.0">
    <skipped/>
  </testcase> <!-- @AfterClass tearDown -->
  <testcase classname="com.medhas.sanity.TestMultipleSelfAccessRequestforFileserver" name="@AfterMethod tearDownMethod" time="0.0">
    <skipped/>
  </testcase> <!-- @AfterMethod tearDownMethod -->
  <testcase classname="com.medhas.sanity.TestCreateOnbehalfApplicationaccessrequestformultipleaccess" name="@AfterMethod tearDownMethod" time="0.0">
    <skipped/>
  </testcase> <!-- @AfterMethod tearDownMethod -->
  <testcase classname="com.medhas.sanity.TestCreateOnbehalfApplicationaccessrequestformultipleaccess" name="@AfterClass tearDown" time="0.0">
    <skipped/>
  </testcase> <!-- @AfterClass tearDown -->
  <testcase classname="com.medhas.sanity.TestCreateMultipleAccessOperatingsystemforonbehalfsingleuser" name="@AfterMethod tearDownMethod" time="0.0">
    <skipped/>
  </testcase> <!-- @AfterMethod tearDownMethod -->
  <testcase classname="com.medhas.sanity.TestnotGrantAccessRequestPendingApprovals" name="@AfterMethod tearDownMethod" time="0.0">
    <skipped/>
  </testcase> <!-- @AfterMethod tearDownMethod -->
  <testcase classname="com.medhas.sanity.TestSelfMultipleCreateAccessRequestforApplication" name="@AfterMethod tearDownMethod" time="0.0">
    <skipped/>
  </testcase> <!-- @AfterMethod tearDownMethod -->
  <testcase classname="com.medhas.sanity.TestSelfMultipleCreateAccessRequestforApplication" name="@AfterClass tearDown" time="0.0">
    <skipped/>
  </testcase> <!-- @AfterClass tearDown -->
  <testcase classname="com.medhas.sanity.TestApplicationRequestPendingApprovals" name="@AfterMethod tearDownMethod" time="0.0">
    <skipped/>
  </testcase> <!-- @AfterMethod tearDownMethod -->
  <testcase classname="com.medhas.sanity.TestInventoryTemplateApplicationcreation" name="@AfterMethod tearDownMethod" time="0.0">
    <skipped/>
  </testcase> <!-- @AfterMethod tearDownMethod -->
  <testcase classname="com.medhas.sanity.TestnotGrantApplicationRequestPendingApprovals" name="@AfterMethod tearDownMethod" time="0.0">
    <skipped/>
  </testcase> <!-- @AfterMethod tearDownMethod -->
  <testcase classname="com.medhas.sanity.TestSaveasDraftSelfSingleCreateAccessRequestforApplication$TestSelfSingleCreateAccessRequestforApplication" name="@AfterMethod tearDownMethod" time="0.0">
    <skipped/>
  </testcase> <!-- @AfterMethod tearDownMethod -->
  <testcase classname="com.medhas.sanity.TestAccessRequestPendingApprovals" name="@AfterMethod tearDownMethod" time="0.0">
    <skipped/>
  </testcase> <!-- @AfterMethod tearDownMethod -->
  <testcase classname="com.medhas.sanity.TestCreateMultipleUsersFileserverAccess" name="@AfterMethod tearDownMethod" time="0.0">
    <skipped/>
  </testcase> <!-- @AfterMethod tearDownMethod -->
  <testcase classname="com.medhas.sanity.TestCreateMultipleUsersFileserverAccess" name="@AfterClass tearDown" time="0.0">
    <skipped/>
  </testcase> <!-- @AfterClass tearDown -->
  <testcase classname="com.medhas.sanity.TestCreateMultipleUsersOSAccess" name="@AfterMethod tearDownMethod" time="0.0">
    <skipped/>
  </testcase> <!-- @AfterMethod tearDownMethod -->
  <testcase classname="com.medhas.sanity.TestCreateMultipleUsersOSAccess" name="@AfterClass tearDown" time="0.0">
    <skipped/>
  </testcase> <!-- @AfterClass tearDown -->
  <testcase classname="com.medhas.sanity.TestMultipleSelfAccessRequestforFileserver" name="@AfterMethod tearDownMethod" time="0.0">
    <skipped/>
  </testcase> <!-- @AfterMethod tearDownMethod -->
  <testcase classname="com.medhas.sanity.TestMultipleSelfAccessRequestforFileserver" name="@AfterClass tearDown" time="0.0">
    <skipped/>
  </testcase> <!-- @AfterClass tearDown -->
  <testcase classname="com.medhas.sanity.TestCreateMultipleAccessOperatingsystemforonbehalfsingleuser" name="@AfterMethod tearDownMethod" time="0.0">
    <skipped/>
  </testcase> <!-- @AfterMethod tearDownMethod -->
  <testcase classname="com.medhas.sanity.TestCreateMultipleAccessOperatingsystemforonbehalfsingleuser" name="@AfterClass tearDown" time="0.0">
    <skipped/>
  </testcase> <!-- @AfterClass tearDown -->
  <testcase classname="com.medhas.sanity.TestnotGrantAccessRequestPendingApprovals" name="@AfterMethod tearDownMethod" time="0.0">
    <skipped/>
  </testcase> <!-- @AfterMethod tearDownMethod -->
  <testcase classname="com.medhas.sanity.TestApplicationRequestPendingApprovals" name="@AfterMethod tearDownMethod" time="0.0">
    <skipped/>
  </testcase> <!-- @AfterMethod tearDownMethod -->
  <testcase classname="com.medhas.sanity.TestInventoryTemplateApplicationcreation" name="@AfterMethod tearDownMethod" time="0.0">
    <skipped/>
  </testcase> <!-- @AfterMethod tearDownMethod -->
  <testcase classname="com.medhas.sanity.TestInventoryTemplateApplicationcreation" name="@AfterClass tearDown" time="0.0">
    <skipped/>
  </testcase> <!-- @AfterClass tearDown -->
  <testcase classname="com.medhas.sanity.TestnotGrantPendingApprovalsforInfraBulk" name="@AfterMethod tearDownMethod" time="0.0">
    <skipped/>
  </testcase> <!-- @AfterMethod tearDownMethod -->
  <testcase classname="com.medhas.sanity.TestnotGrantPendingApprovalsforAppBulk" name="@AfterMethod tearDownMethod" time="0.0">
    <skipped/>
  </testcase> <!-- @AfterMethod tearDownMethod -->
  <testcase classname="com.medhas.sanity.TestnotGrantApplicationRequestPendingApprovals" name="@AfterMethod tearDownMethod" time="0.0">
    <skipped/>
  </testcase> <!-- @AfterMethod tearDownMethod -->
  <testcase classname="com.medhas.sanity.TestSaveasDraftSelfSingleCreateAccessRequestforApplication$TestSelfSingleCreateAccessRequestforApplication" name="@AfterMethod tearDownMethod" time="0.0">
    <skipped/>
  </testcase> <!-- @AfterMethod tearDownMethod -->
  <testcase classname="com.medhas.sanity.TestSaveasDraftSelfSingleCreateAccessRequestforApplication$TestSelfSingleCreateAccessRequestforApplication" name="@AfterClass tearDown" time="0.0">
    <skipped/>
  </testcase> <!-- @AfterClass tearDown -->
  <testcase classname="com.medhas.sanity.TestAccessRequestPendingApprovals" name="@AfterMethod tearDownMethod" time="0.0">
    <skipped/>
  </testcase> <!-- @AfterMethod tearDownMethod -->
  <testcase classname="com.medhas.sanity.TestnotGrantAccessRequestPendingApprovals" name="@AfterMethod tearDownMethod" time="0.0">
    <skipped/>
  </testcase> <!-- @AfterMethod tearDownMethod -->
  <testcase classname="com.medhas.sanity.TestApplicationRequestPendingApprovals" name="@AfterMethod tearDownMethod" time="0.0">
    <skipped/>
  </testcase> <!-- @AfterMethod tearDownMethod -->
  <testcase classname="com.medhas.sanity.TestnotGrantPendingApprovalsforInfraBulk" name="@AfterMethod tearDownMethod" time="0.0">
    <skipped/>
  </testcase> <!-- @AfterMethod tearDownMethod -->
  <testcase classname="com.medhas.sanity.TestnotGrantPendingApprovalsforAppBulk" name="@AfterMethod tearDownMethod" time="0.0">
    <skipped/>
  </testcase> <!-- @AfterMethod tearDownMethod -->
  <testcase classname="com.medhas.sanity.TestnotGrantApplicationRequestPendingApprovals" name="@AfterMethod tearDownMethod" time="0.0">
    <skipped/>
  </testcase> <!-- @AfterMethod tearDownMethod -->
  <testcase classname="com.medhas.sanity.TestAccessRequestPendingApprovals" name="@AfterMethod tearDownMethod" time="0.0">
    <skipped/>
  </testcase> <!-- @AfterMethod tearDownMethod -->
  <testcase classname="com.medhas.sanity.TestAccessRequestPendingApprovals" name="@AfterClass tearDown" time="0.0">
    <skipped/>
  </testcase> <!-- @AfterClass tearDown -->
  <testcase classname="com.medhas.sanity.TestnotGrantAccessRequestPendingApprovals" name="@AfterMethod tearDownMethod" time="0.0">
    <skipped/>
  </testcase> <!-- @AfterMethod tearDownMethod -->
  <testcase classname="com.medhas.sanity.TestApplicationRequestPendingApprovals" name="@AfterMethod tearDownMethod" time="0.0">
    <skipped/>
  </testcase> <!-- @AfterMethod tearDownMethod -->
  <testcase classname="com.medhas.sanity.TestApplicationRequestPendingApprovals" name="@AfterClass tearDown" time="0.0">
    <skipped/>
  </testcase> <!-- @AfterClass tearDown -->
  <testcase classname="com.medhas.sanity.TestPendingApprovalsforAppBulk" name="@AfterMethod tearDownMethod" time="0.0">
    <skipped/>
  </testcase> <!-- @AfterMethod tearDownMethod -->
  <testcase classname="com.medhas.sanity.TestPendingApprovalsforAppBulk" name="@AfterClass tearDown" time="0.0">
    <skipped/>
  </testcase> <!-- @AfterClass tearDown -->
  <testcase classname="com.medhas.sanity.TestPendingApprovalsforInfraBulk" name="@AfterMethod tearDownMethod" time="0.0">
    <skipped/>
  </testcase> <!-- @AfterMethod tearDownMethod -->
  <testcase classname="com.medhas.sanity.TestPendingApprovalsforInfraBulk" name="@AfterClass tearDown" time="0.0">
    <skipped/>
  </testcase> <!-- @AfterClass tearDown -->
  <testcase classname="com.medhas.sanity.TestnotGrantPendingApprovalsforInfraBulk" name="@AfterMethod tearDownMethod" time="0.0">
    <skipped/>
  </testcase> <!-- @AfterMethod tearDownMethod -->
  <testcase classname="com.medhas.sanity.TestnotGrantPendingApprovalsforInfraBulk" name="@AfterClass tearDown" time="0.0">
    <skipped/>
  </testcase> <!-- @AfterClass tearDown -->
  <testcase classname="com.medhas.sanity.TestnotGrantPendingApprovalsforAppBulk" name="@AfterMethod tearDownMethod" time="0.0">
    <skipped/>
  </testcase> <!-- @AfterMethod tearDownMethod -->
  <testcase classname="com.medhas.sanity.TestnotGrantPendingApprovalsforAppBulk" name="@AfterClass tearDown" time="0.0">
    <skipped/>
  </testcase> <!-- @AfterClass tearDown -->
  <testcase classname="com.medhas.sanity.TestnotGrantApplicationRequestPendingApprovals" name="@AfterMethod tearDownMethod" time="0.0">
    <skipped/>
  </testcase> <!-- @AfterMethod tearDownMethod -->
  <testcase classname="com.medhas.sanity.TestnotGrantApplicationRequestPendingApprovals" name="@AfterClass tearDown" time="0.0">
    <skipped/>
  </testcase> <!-- @AfterClass tearDown -->
  <testcase classname="com.medhas.sanity.TestnotGrantAccessRequestPendingApprovals" name="@AfterMethod tearDownMethod" time="0.0">
    <skipped/>
  </testcase> <!-- @AfterMethod tearDownMethod -->
  <testcase classname="com.medhas.sanity.TestnotGrantAccessRequestPendingApprovals" name="@AfterClass tearDown" time="0.0">
    <skipped/>
  </testcase> <!-- @AfterClass tearDown -->
  <testcase classname="com.medhas.sanity.TestSelfMultipleCreateAccessRequestforApplication" name="checkvalidUser" time="0.001">
    <skipped/>
  </testcase> <!-- checkvalidUser -->
  <testcase classname="com.medhas.sanity.TestApplicationRequestPendingApprovals" name="loginHod" time="0.0">
    <skipped/>
  </testcase> <!-- loginHod -->
  <testcase classname="com.medhas.sanity.TestRejectPendingApprovalsforAppBulk" name="loginSO" time="0.001">
    <skipped/>
  </testcase> <!-- loginSO -->
  <testcase classname="com.medhas.sanity.TestSelfReactivaterequestforFileserver" name="checkvalidUser" time="0.0">
    <skipped/>
  </testcase> <!-- checkvalidUser -->
  <testcase classname="com.medhas.sanity.TestPendingApprovalsforAppBulk" name="loginSO" time="0.0">
    <skipped/>
  </testcase> <!-- loginSO -->
  <testcase classname="com.medhas.sanity.TestRejectAccessRequestPendingApprovals" name="loginHod" time="0.001">
    <skipped/>
  </testcase> <!-- loginHod -->
  <testcase classname="com.medhas.sanity.TestSelfCreateAccessRequestforFileserver" name="checkvalidUser" time="0.0">
    <skipped/>
  </testcase> <!-- checkvalidUser -->
  <testcase classname="com.medhas.sanity.TestSelfDeactivaterequestforFileserver" name="checkvalidUser" time="0.0">
    <skipped/>
  </testcase> <!-- checkvalidUser -->
  <testcase classname="com.medhas.sanity.TestSelfModifyRequestforOperatingsystem" name="checkvalidUser" time="0.0">
    <skipped/>
  </testcase> <!-- checkvalidUser -->
  <testcase classname="com.medhas.sanity.TestReactivateSelfApplicationaccessforsingleuser" name="checkvalidUser" time="0.0">
    <skipped/>
  </testcase> <!-- checkvalidUser -->
  <testcase classname="com.medhas.sanity.TestSelfCreateAccessRequestforOperatingsystem" name="checkvalidUser" time="0.0">
    <skipped/>
  </testcase> <!-- checkvalidUser -->
  <testcase classname="com.medhas.sanity.TestCreateOnbehalfActivedirectoryformultipleusers" name="checkvalidUser" time="0.0">
    <skipped/>
  </testcase> <!-- checkvalidUser -->
  <testcase classname="com.medhas.sanity.TestInventoryforPendingApprovals" name="loginwithQALead" time="0.0">
    <skipped/>
  </testcase> <!-- loginwithQALead -->
  <testcase classname="com.medhas.sanity.TestDeactivateSelfApplicationaccessforsingleuser" name="checkvalidUser" time="0.0">
    <skipped/>
  </testcase> <!-- checkvalidUser -->
  <testcase classname="com.medhas.sanity.TestInventoryTemplateApplicationcreation" name="checkvalidUser" time="0.0">
    <skipped/>
  </testcase> <!-- checkvalidUser -->
  <testcase classname="com.medhas.sanity.TestPendingApprovalsforInfraBulk" name="loginLITHead" time="0.0">
    <skipped/>
  </testcase> <!-- loginLITHead -->
  <testcase classname="com.medhas.sanity.TestnotGrantPendingApprovalsforInfraBulk" name="loginLITHead" time="0.0">
    <skipped/>
  </testcase> <!-- loginLITHead -->
  <testcase classname="com.medhas.sanity.TestSubmitReworkRequest" name="checkvalidUser" time="0.0">
    <skipped/>
  </testcase> <!-- checkvalidUser -->
  <testcase classname="com.medhas.sanity.TestSelfDeactivaterequestforOperatingsystem" name="checkvalidUser" time="0.0">
    <skipped/>
  </testcase> <!-- checkvalidUser -->
  <testcase classname="com.medhas.sanity.TestnotGrantPendingApprovalsforAppBulk" name="loginSA" time="0.0">
    <skipped/>
  </testcase> <!-- loginSA -->
  <testcase classname="com.medhas.sanity.TestSelfSingleCreateAccessRequestforApplication" name="checkvalidUser" time="0.0">
    <skipped/>
  </testcase> <!-- checkvalidUser -->
  <testcase classname="com.medhas.sanity.TestnotGrantApplicationRequestPendingApprovals" name="loginHod" time="0.0">
    <skipped/>
  </testcase> <!-- loginHod -->
  <testcase classname="com.medhas.sanity.TestSelfModifyRequestforFileserver" name="checkvalidUser" time="0.0">
    <skipped/>
  </testcase> <!-- checkvalidUser -->
  <testcase classname="com.medhas.sanity.TestcreateInventoryforApplication" name="checkvalidUser" time="0.0">
    <skipped/>
  </testcase> <!-- checkvalidUser -->
  <testcase classname="com.medhas.sanity.TestRejectPendingApprovalsforInfraBulk" name="loginLITHead" time="0.0">
    <skipped/>
  </testcase> <!-- loginLITHead -->
  <testcase classname="com.medhas.sanity.TestModifySelfApplicationaccessforsingleuser" name="checkvalidUser" time="0.0">
    <skipped/>
  </testcase> <!-- checkvalidUser -->
  <testcase classname="com.medhas.sanity.TestUserAccessReview" name="loginwithSystemAdmin" time="0.0">
    <skipped/>
  </testcase> <!-- loginwithSystemAdmin -->
  <testcase classname="com.medhas.sanity.TestSaveasDraftSelfSingleCreateAccessRequestforApplication$TestSelfSingleCreateAccessRequestforApplication" name="checkvalidUser" time="0.0">
    <skipped/>
  </testcase> <!-- checkvalidUser -->
  <testcase classname="com.medhas.sanity.TestSendbackAccessRequestPendingApprovals" name="loginHod" time="0.001">
    <skipped/>
  </testcase> <!-- loginHod -->
  <testcase classname="com.medhas.sanity.TestAccessRequestPendingApprovals" name="loginHod" time="0.0">
    <skipped/>
  </testcase> <!-- loginHod -->
  <testcase classname="com.medhas.sanity.TestCreateMultipleUsersFileserverAccess" name="checkvalidUser" time="0.0">
    <skipped/>
  </testcase> <!-- checkvalidUser -->
  <testcase classname="com.medhas.sanity.TestImportInventoryfromGlobal" name="checkvalidUser" time="0.001">
    <skipped/>
  </testcase> <!-- checkvalidUser -->
  <testcase classname="com.medhas.sanity.TestCreateMultipleUsersOSAccess" name="checkvalidUser" time="0.0">
    <skipped/>
  </testcase> <!-- checkvalidUser -->
  <testcase classname="com.medhas.sanity.TestUserAccessReviewPendingApprovals" name="loginSO" time="0.0">
    <skipped/>
  </testcase> <!-- loginSO -->
  <testcase classname="com.medhas.sanity.TestCreateOnbehalfActivedirectoryforsingleuser" name="checkvalidUser" time="0.001">
    <skipped/>
  </testcase> <!-- checkvalidUser -->
  <testcase classname="com.medhas.sanity.TestMultipleSelfAccessRequestforFileserver" name="checkvalidUser" time="0.0">
    <skipped/>
  </testcase> <!-- checkvalidUser -->
  <testcase classname="com.medhas.sanity.TestCreateOnbehalfApplicationaccessrequestformultipleaccess" name="checkvalidUser" time="0.0">
    <skipped/>
  </testcase> <!-- checkvalidUser -->
  <testcase classname="com.medhas.sanity.TestCreateMultipleAccessOperatingsystemforonbehalfsingleuser" name="checkvalidUser" time="0.0">
    <skipped/>
  </testcase> <!-- checkvalidUser -->
  <testcase classname="com.medhas.sanity.TestnotGrantAccessRequestPendingApprovals" name="loginHod" time="0.0">
    <skipped/>
  </testcase> <!-- loginHod -->
  <testcase classname="com.medhas.sanity.TestSelfReactivaterequestforOperatingsystem" name="checkvalidUser" time="0.0">
    <skipped/>
  </testcase> <!-- checkvalidUser -->
  <testcase classname="com.medhas.sanity.TestSelfMultipleCreateAccessRequestforApplication" name="enterReqeustInfo" time="0.0">
    <skipped/>
  </testcase> <!-- enterReqeustInfo -->
  <testcase classname="com.medhas.sanity.TestApplicationRequestPendingApprovals" name="approvalworkflowforaccessrequestwithHod" time="0.0">
    <skipped/>
  </testcase> <!-- approvalworkflowforaccessrequestwithHod -->
  <testcase classname="com.medhas.sanity.TestRejectPendingApprovalsforAppBulk" name="rejectAccessbySO" time="0.0">
    <skipped/>
  </testcase> <!-- rejectAccessbySO -->
  <testcase classname="com.medhas.sanity.TestSelfReactivaterequestforFileserver" name="enterrequestInfo" time="0.0">
    <skipped/>
  </testcase> <!-- enterrequestInfo -->
  <testcase classname="com.medhas.sanity.TestPendingApprovalsforAppBulk" name="approvalworkflowforaccessrequestsystemowner" time="0.0">
    <skipped/>
  </testcase> <!-- approvalworkflowforaccessrequestsystemowner -->
  <testcase classname="com.medhas.sanity.TestRejectAccessRequestPendingApprovals" name="rejectAccessbyHOD" time="0.0">
    <skipped/>
  </testcase> <!-- rejectAccessbyHOD -->
  <testcase classname="com.medhas.sanity.TestSelfCreateAccessRequestforFileserver" name="enterrequestInfo" time="0.001">
    <skipped/>
  </testcase> <!-- enterrequestInfo -->
  <testcase classname="com.medhas.sanity.TestSelfDeactivaterequestforFileserver" name="enterrequestInfo" time="0.0">
    <skipped/>
  </testcase> <!-- enterrequestInfo -->
  <testcase classname="com.medhas.sanity.TestSelfModifyRequestforOperatingsystem" name="enterrequestInfo" time="0.0">
    <skipped/>
  </testcase> <!-- enterrequestInfo -->
  <testcase classname="com.medhas.sanity.TestReactivateSelfApplicationaccessforsingleuser" name="EnterRequestinfo" time="0.001">
    <skipped/>
  </testcase> <!-- EnterRequestinfo -->
  <testcase classname="com.medhas.sanity.TestSelfCreateAccessRequestforOperatingsystem" name="enterrequestInfo" time="0.001">
    <skipped/>
  </testcase> <!-- enterrequestInfo -->
  <testcase classname="com.medhas.sanity.TestCreateOnbehalfActivedirectoryformultipleusers" name="EnterRequestinfo" time="0.0">
    <skipped/>
  </testcase> <!-- EnterRequestinfo -->
  <testcase classname="com.medhas.sanity.TestInventoryforPendingApprovals" name="approvalflowforinvQALead" time="0.0">
    <skipped/>
  </testcase> <!-- approvalflowforinvQALead -->
  <testcase classname="com.medhas.sanity.TestDeactivateSelfApplicationaccessforsingleuser" name="enterRequestInfo" time="0.0">
    <skipped/>
  </testcase> <!-- enterRequestInfo -->
  <testcase classname="com.medhas.sanity.TestInventoryTemplateApplicationcreation" name="inventorytemplateforapplicationforapplication" time="0.0">
    <skipped/>
  </testcase> <!-- inventorytemplateforapplicationforapplication -->
  <testcase classname="com.medhas.sanity.TestPendingApprovalsforInfraBulk" name="approvalworkflowforaccessrequestLITHead" time="0.001">
    <skipped/>
  </testcase> <!-- approvalworkflowforaccessrequestLITHead -->
  <testcase classname="com.medhas.sanity.TestnotGrantPendingApprovalsforInfraBulk" name="approvalworkflowforaccessrequestLITHead" time="0.0">
    <skipped/>
  </testcase> <!-- approvalworkflowforaccessrequestLITHead -->
  <testcase classname="com.medhas.sanity.TestSubmitReworkRequest" name="submitReworkRequest" time="0.0">
    <skipped/>
  </testcase> <!-- submitReworkRequest -->
  <testcase classname="com.medhas.sanity.TestSelfDeactivaterequestforOperatingsystem" name="enterrequestInfo" time="0.0">
    <skipped/>
  </testcase> <!-- enterrequestInfo -->
  <testcase classname="com.medhas.sanity.TestnotGrantPendingApprovalsforAppBulk" name="approvalworkflowforaccessrequestsystemowner" time="0.001">
    <skipped/>
  </testcase> <!-- approvalworkflowforaccessrequestsystemowner -->
  <testcase classname="com.medhas.sanity.TestSelfSingleCreateAccessRequestforApplication" name="enterrequestInfo" time="0.0">
    <skipped/>
  </testcase> <!-- enterrequestInfo -->
  <testcase classname="com.medhas.sanity.TestnotGrantApplicationRequestPendingApprovals" name="approvalworkflowforaccessrequestwithHod" time="0.0">
    <skipped/>
  </testcase> <!-- approvalworkflowforaccessrequestwithHod -->
  <testcase classname="com.medhas.sanity.TestSelfModifyRequestforFileserver" name="enterrequestInfo" time="0.0">
    <skipped/>
  </testcase> <!-- enterrequestInfo -->
  <testcase classname="com.medhas.sanity.TestcreateInventoryforApplication" name="basicDetails" time="0.0">
    <skipped/>
  </testcase> <!-- basicDetails -->
  <testcase classname="com.medhas.sanity.TestRejectPendingApprovalsforInfraBulk" name="rejectAccessbyLITHead" time="0.0">
    <skipped/>
  </testcase> <!-- rejectAccessbyLITHead -->
  <testcase classname="com.medhas.sanity.TestModifySelfApplicationaccessforsingleuser" name="enterRequestInfo" time="0.0">
    <skipped/>
  </testcase> <!-- enterRequestInfo -->
  <testcase classname="com.medhas.sanity.TestUserAccessReview" name="useraccessreview" time="0.0">
    <skipped/>
  </testcase> <!-- useraccessreview -->
  <testcase classname="com.medhas.sanity.TestSaveasDraftSelfSingleCreateAccessRequestforApplication$TestSelfSingleCreateAccessRequestforApplication" name="enterrequestInfo" time="0.0">
    <skipped/>
  </testcase> <!-- enterrequestInfo -->
  <testcase classname="com.medhas.sanity.TestSendbackAccessRequestPendingApprovals" name="sendbackAccessbyHOD" time="0.0">
    <skipped/>
  </testcase> <!-- sendbackAccessbyHOD -->
  <testcase classname="com.medhas.sanity.TestAccessRequestPendingApprovals" name="approvalworkflowforaccessrequestwithHod" time="0.001">
    <skipped/>
  </testcase> <!-- approvalworkflowforaccessrequestwithHod -->
  <testcase classname="com.medhas.sanity.TestCreateMultipleUsersFileserverAccess" name="enterrequestInfo" time="0.001">
    <skipped/>
  </testcase> <!-- enterrequestInfo -->
  <testcase classname="com.medhas.sanity.TestImportInventoryfromGlobal" name="importinvenfromglobal" time="0.001">
    <skipped/>
  </testcase> <!-- importinvenfromglobal -->
  <testcase classname="com.medhas.sanity.TestCreateMultipleUsersOSAccess" name="enterrequestInfo" time="0.001">
    <skipped/>
  </testcase> <!-- enterrequestInfo -->
  <testcase classname="com.medhas.sanity.TestUserAccessReviewPendingApprovals" name="Soflow" time="0.0">
    <skipped/>
  </testcase> <!-- Soflow -->
  <testcase classname="com.medhas.sanity.TestCreateOnbehalfActivedirectoryforsingleuser" name="EnterRequestinfo" time="0.0">
    <skipped/>
  </testcase> <!-- EnterRequestinfo -->
  <testcase classname="com.medhas.sanity.TestMultipleSelfAccessRequestforFileserver" name="enterrequestInfo" time="0.0">
    <skipped/>
  </testcase> <!-- enterrequestInfo -->
  <testcase classname="com.medhas.sanity.TestCreateOnbehalfApplicationaccessrequestformultipleaccess" name="EnterRequestInfo" time="0.0">
    <skipped/>
  </testcase> <!-- EnterRequestInfo -->
  <testcase classname="com.medhas.sanity.TestCreateMultipleAccessOperatingsystemforonbehalfsingleuser" name="enterrequestInfo" time="0.0">
    <skipped/>
  </testcase> <!-- enterrequestInfo -->
  <testcase classname="com.medhas.sanity.TestnotGrantAccessRequestPendingApprovals" name="approvalworkflowforaccessrequestwithHod" time="0.0">
    <skipped/>
  </testcase> <!-- approvalworkflowforaccessrequestwithHod -->
  <testcase classname="com.medhas.sanity.TestSelfReactivaterequestforOperatingsystem" name="enterrequestInfo" time="0.001">
    <skipped/>
  </testcase> <!-- enterrequestInfo -->
  <testcase classname="com.medhas.sanity.TestSelfMultipleCreateAccessRequestforApplication" name="addFirstappdetails" time="0.0">
    <skipped/>
  </testcase> <!-- addFirstappdetails -->
  <testcase classname="com.medhas.sanity.TestApplicationRequestPendingApprovals" name="logutfromHOD" time="0.0">
    <skipped/>
  </testcase> <!-- logutfromHOD -->
  <testcase classname="com.medhas.sanity.TestRejectPendingApprovalsforAppBulk" name="BulkDeactivationRequestRejected" time="0.0">
    <skipped/>
  </testcase> <!-- BulkDeactivationRequestRejected -->
  <testcase classname="com.medhas.sanity.TestSelfReactivaterequestforFileserver" name="enterUserDetails" time="0.0">
    <skipped/>
  </testcase> <!-- enterUserDetails -->
  <testcase classname="com.medhas.sanity.TestPendingApprovalsforAppBulk" name="logutfromsystemowner" time="0.001">
    <skipped/>
  </testcase> <!-- logutfromsystemowner -->
  <testcase classname="com.medhas.sanity.TestRejectAccessRequestPendingApprovals" name="accessRequestRejected" time="0.0">
    <skipped/>
  </testcase> <!-- accessRequestRejected -->
  <testcase classname="com.medhas.sanity.TestSelfCreateAccessRequestforFileserver" name="enteruserDetails" time="0.0">
    <skipped/>
  </testcase> <!-- enteruserDetails -->
  <testcase classname="com.medhas.sanity.TestSelfDeactivaterequestforFileserver" name="enterUserDetails" time="0.0">
    <skipped/>
  </testcase> <!-- enterUserDetails -->
  <testcase classname="com.medhas.sanity.TestSelfModifyRequestforOperatingsystem" name="enterUserDetails" time="0.001">
    <skipped/>
  </testcase> <!-- enterUserDetails -->
  <testcase classname="com.medhas.sanity.TestReactivateSelfApplicationaccessforsingleuser" name="EnterUserdetails" time="0.0">
    <skipped/>
  </testcase> <!-- EnterUserdetails -->
  <testcase classname="com.medhas.sanity.TestSelfCreateAccessRequestforOperatingsystem" name="enteruserDetails" time="0.0">
    <skipped/>
  </testcase> <!-- enteruserDetails -->
  <testcase classname="com.medhas.sanity.TestCreateOnbehalfActivedirectoryformultipleusers" name="EnterFirstUserdetails" time="0.0">
    <skipped/>
  </testcase> <!-- EnterFirstUserdetails -->
  <testcase classname="com.medhas.sanity.TestDeactivateSelfApplicationaccessforsingleuser" name="enterUserDetails" time="0.0">
    <skipped/>
  </testcase> <!-- enterUserDetails -->
  <testcase classname="com.medhas.sanity.TestInventoryTemplateApplicationcreation" name="basicdetailsforapplication" time="0.0">
    <skipped/>
  </testcase> <!-- basicdetailsforapplication -->
  <testcase classname="com.medhas.sanity.TestPendingApprovalsforInfraBulk" name="logutfromLITHead" time="0.0">
    <skipped/>
  </testcase> <!-- logutfromLITHead -->
  <testcase classname="com.medhas.sanity.TestnotGrantPendingApprovalsforInfraBulk" name="logutfromLIHead" time="0.001">
    <skipped/>
  </testcase> <!-- logutfromLIHead -->
  <testcase classname="com.medhas.sanity.TestSelfDeactivaterequestforOperatingsystem" name="enterUserDetails" time="0.0">
    <skipped/>
  </testcase> <!-- enterUserDetails -->
  <testcase classname="com.medhas.sanity.TestnotGrantPendingApprovalsforAppBulk" name="logutfromsystemowner" time="0.0">
    <skipped/>
  </testcase> <!-- logutfromsystemowner -->
  <testcase classname="com.medhas.sanity.TestSelfSingleCreateAccessRequestforApplication" name="enterApplicationDetails" time="0.001">
    <skipped/>
  </testcase> <!-- enterApplicationDetails -->
  <testcase classname="com.medhas.sanity.TestnotGrantApplicationRequestPendingApprovals" name="logutfromHOD" time="0.0">
    <skipped/>
  </testcase> <!-- logutfromHOD -->
  <testcase classname="com.medhas.sanity.TestSelfModifyRequestforFileserver" name="enterUserDetails" time="0.0">
    <skipped/>
  </testcase> <!-- enterUserDetails -->
  <testcase classname="com.medhas.sanity.TestcreateInventoryforApplication" name="recoverDetails" time="0.002">
    <skipped/>
  </testcase> <!-- recoverDetails -->
  <testcase classname="com.medhas.sanity.TestRejectPendingApprovalsforInfraBulk" name="BulkDeactivationRequestRejected" time="0.0">
    <skipped/>
  </testcase> <!-- BulkDeactivationRequestRejected -->
  <testcase classname="com.medhas.sanity.TestModifySelfApplicationaccessforsingleuser" name="enterUserDetails" time="0.0">
    <skipped/>
  </testcase> <!-- enterUserDetails -->
  <testcase classname="com.medhas.sanity.TestSaveasDraftSelfSingleCreateAccessRequestforApplication$TestSelfSingleCreateAccessRequestforApplication" name="enterApplicationDetails" time="0.0">
    <skipped/>
  </testcase> <!-- enterApplicationDetails -->
  <testcase classname="com.medhas.sanity.TestSendbackAccessRequestPendingApprovals" name="accessRequestsentback" time="0.001">
    <skipped/>
  </testcase> <!-- accessRequestsentback -->
  <testcase classname="com.medhas.sanity.TestAccessRequestPendingApprovals" name="logutfromHOD" time="0.0">
    <skipped/>
  </testcase> <!-- logutfromHOD -->
  <testcase classname="com.medhas.sanity.TestCreateMultipleUsersFileserverAccess" name="enteruserDetails" time="0.0">
    <skipped/>
  </testcase> <!-- enteruserDetails -->
  <testcase classname="com.medhas.sanity.TestImportInventoryfromGlobal" name="inventoryRequestImportedtosite" time="0.0">
    <skipped/>
  </testcase> <!-- inventoryRequestImportedtosite -->
  <testcase classname="com.medhas.sanity.TestCreateMultipleUsersOSAccess" name="enteruserDetails" time="0.0">
    <skipped/>
  </testcase> <!-- enteruserDetails -->
  <testcase classname="com.medhas.sanity.TestUserAccessReviewPendingApprovals" name="logutfromQAlead" time="0.0">
    <skipped/>
  </testcase> <!-- logutfromQAlead -->
  <testcase classname="com.medhas.sanity.TestUserAccessReviewPendingApprovals" name="logutfromSO" time="0.0">
    <skipped/>
  </testcase> <!-- logutfromSO -->
  <testcase classname="com.medhas.sanity.TestCreateOnbehalfActivedirectoryforsingleuser" name="EnterUserdetails" time="0.0">
    <skipped/>
  </testcase> <!-- EnterUserdetails -->
  <testcase classname="com.medhas.sanity.TestMultipleSelfAccessRequestforFileserver" name="enteruserDetails" time="0.0">
    <skipped/>
  </testcase> <!-- enteruserDetails -->
  <testcase classname="com.medhas.sanity.TestCreateOnbehalfApplicationaccessrequestformultipleaccess" name="EnterUserDetails" time="0.0">
    <skipped/>
  </testcase> <!-- EnterUserDetails -->
  <testcase classname="com.medhas.sanity.TestCreateMultipleAccessOperatingsystemforonbehalfsingleuser" name="enteruserDetails" time="0.0">
    <skipped/>
  </testcase> <!-- enteruserDetails -->
  <testcase classname="com.medhas.sanity.TestnotGrantAccessRequestPendingApprovals" name="logutfromHOD" time="0.001">
    <skipped/>
  </testcase> <!-- logutfromHOD -->
  <testcase classname="com.medhas.sanity.TestSelfReactivaterequestforOperatingsystem" name="enterUserDetails" time="0.0">
    <skipped/>
  </testcase> <!-- enterUserDetails -->
  <testcase classname="com.medhas.sanity.TestSelfMultipleCreateAccessRequestforApplication" name="addSecondappdetails" time="0.0">
    <skipped/>
  </testcase> <!-- addSecondappdetails -->
  <testcase classname="com.medhas.sanity.TestApplicationRequestPendingApprovals" name="checkvalidsystemowner" time="0.001">
    <skipped/>
  </testcase> <!-- checkvalidsystemowner -->
  <testcase classname="com.medhas.sanity.TestSelfReactivaterequestforFileserver" name="selectdeactivaterequest" time="0.0">
    <skipped/>
  </testcase> <!-- selectdeactivaterequest -->
  <testcase classname="com.medhas.sanity.TestPendingApprovalsforAppBulk" name="checkvalidsystemadmin" time="0.0">
    <skipped/>
  </testcase> <!-- checkvalidsystemadmin -->
  <testcase classname="com.medhas.sanity.TestSelfCreateAccessRequestforFileserver" name="enterfileserverDetails" time="0.0">
    <skipped/>
  </testcase> <!-- enterfileserverDetails -->
  <testcase classname="com.medhas.sanity.TestSelfDeactivaterequestforFileserver" name="selectdeactivaterequest" time="0.0">
    <skipped/>
  </testcase> <!-- selectdeactivaterequest -->
  <testcase classname="com.medhas.sanity.TestSelfModifyRequestforOperatingsystem" name="selectthemodifyrequest" time="0.0">
    <skipped/>
  </testcase> <!-- selectthemodifyrequest -->
  <testcase classname="com.medhas.sanity.TestReactivateSelfApplicationaccessforsingleuser" name="EnterApplicationdetails" time="0.0">
    <skipped/>
  </testcase> <!-- EnterApplicationdetails -->
  <testcase classname="com.medhas.sanity.TestSelfCreateAccessRequestforOperatingsystem" name="enterOperatingsystemdetails" time="0.0">
    <skipped/>
  </testcase> <!-- enterOperatingsystemdetails -->
  <testcase classname="com.medhas.sanity.TestCreateOnbehalfActivedirectoryformultipleusers" name="EnterSecondUserdetails" time="0.001">
    <skipped/>
  </testcase> <!-- EnterSecondUserdetails -->
  <testcase classname="com.medhas.sanity.TestDeactivateSelfApplicationaccessforsingleuser" name="deactivateApplicationdetails" time="0.0">
    <skipped/>
  </testcase> <!-- deactivateApplicationdetails -->
  <testcase classname="com.medhas.sanity.TestInventoryTemplateApplicationcreation" name="BackuporRecovery" time="0.001">
    <skipped/>
  </testcase> <!-- BackuporRecovery -->
  <testcase classname="com.medhas.sanity.TestPendingApprovalsforInfraBulk" name="checkvalidLIT" time="0.0">
    <skipped/>
  </testcase> <!-- checkvalidLIT -->
  <testcase classname="com.medhas.sanity.TestSelfDeactivaterequestforOperatingsystem" name="selectdeactivaterequest" time="0.0">
    <skipped/>
  </testcase> <!-- selectdeactivaterequest -->
  <testcase classname="com.medhas.sanity.TestnotGrantApplicationRequestPendingApprovals" name="checkvalidsystemowner" time="0.0">
    <skipped/>
  </testcase> <!-- checkvalidsystemowner -->
  <testcase classname="com.medhas.sanity.TestSelfModifyRequestforFileserver" name="selectthemodifyrequest" time="0.001">
    <skipped/>
  </testcase> <!-- selectthemodifyrequest -->
  <testcase classname="com.medhas.sanity.TestcreateInventoryforApplication" name="approverDetails" time="0.0">
    <skipped/>
  </testcase> <!-- approverDetails -->
  <testcase classname="com.medhas.sanity.TestModifySelfApplicationaccessforsingleuser" name="modifyApplication" time="0.0">
    <skipped/>
  </testcase> <!-- modifyApplication -->
  <testcase classname="com.medhas.sanity.TestAccessRequestPendingApprovals" name="checkvalidLITHead" time="0.0">
    <skipped/>
  </testcase> <!-- checkvalidLITHead -->
  <testcase classname="com.medhas.sanity.TestCreateMultipleUsersFileserverAccess" name="entersecondenteruserDetails" time="0.0">
    <skipped/>
  </testcase> <!-- entersecondenteruserDetails -->
  <testcase classname="com.medhas.sanity.TestCreateMultipleUsersOSAccess" name="entersecondenteruserDetails" time="0.0">
    <skipped/>
  </testcase> <!-- entersecondenteruserDetails -->
  <testcase classname="com.medhas.sanity.TestUserAccessReviewPendingApprovals" name="loginQAlead" time="0.0">
    <skipped/>
  </testcase> <!-- loginQAlead -->
  <testcase classname="com.medhas.sanity.TestCreateOnbehalfActivedirectoryforsingleuser" name="EnterActivedirectorydetails" time="0.001">
    <skipped/>
  </testcase> <!-- EnterActivedirectorydetails -->
  <testcase classname="com.medhas.sanity.TestMultipleSelfAccessRequestforFileserver" name="enterFileserverdetails" time="0.0">
    <skipped/>
  </testcase> <!-- enterFileserverdetails -->
  <testcase classname="com.medhas.sanity.TestCreateOnbehalfApplicationaccessrequestformultipleaccess" name="EnterFirstApplicationDetails" time="0.0">
    <skipped/>
  </testcase> <!-- EnterFirstApplicationDetails -->
  <testcase classname="com.medhas.sanity.TestCreateMultipleAccessOperatingsystemforonbehalfsingleuser" name="enterOperatingsystemdetails" time="0.0">
    <skipped/>
  </testcase> <!-- enterOperatingsystemdetails -->
  <testcase classname="com.medhas.sanity.TestnotGrantAccessRequestPendingApprovals" name="checkvalidsystemLITHead" time="0.0">
    <skipped/>
  </testcase> <!-- checkvalidsystemLITHead -->
  <testcase classname="com.medhas.sanity.TestSelfReactivaterequestforOperatingsystem" name="selectreactivaterequest" time="0.0">
    <skipped/>
  </testcase> <!-- selectreactivaterequest -->
  <testcase classname="com.medhas.sanity.TestSelfMultipleCreateAccessRequestforApplication" name="EnterRemarksandesign" time="0.0">
    <skipped/>
  </testcase> <!-- EnterRemarksandesign -->
  <testcase classname="com.medhas.sanity.TestApplicationRequestPendingApprovals" name="approvalworkflowforaccessrequestsystemowner" time="0.0">
    <skipped/>
  </testcase> <!-- approvalworkflowforaccessrequestsystemowner -->
  <testcase classname="com.medhas.sanity.TestPendingApprovalsforAppBulk" name="approvalworkflowforaccessrequestsystemadmin" time="0.0">
    <skipped/>
  </testcase> <!-- approvalworkflowforaccessrequestsystemadmin -->
  <testcase classname="com.medhas.sanity.TestSelfCreateAccessRequestforFileserver" name="accessRequestCreated" time="0.0">
    <skipped/>
  </testcase> <!-- accessRequestCreated -->
  <testcase classname="com.medhas.sanity.TestSelfModifyRequestforOperatingsystem" name="modifyRequestCreated" time="0.001">
    <skipped/>
  </testcase> <!-- modifyRequestCreated -->
  <testcase classname="com.medhas.sanity.TestSelfCreateAccessRequestforOperatingsystem" name="accessRequestCreated" time="0.002">
    <skipped/>
  </testcase> <!-- accessRequestCreated -->
  <testcase classname="com.medhas.sanity.TestCreateOnbehalfActivedirectoryformultipleusers" name="EnterActivedirectorydetails" time="0.0">
    <skipped/>
  </testcase> <!-- EnterActivedirectorydetails -->
  <testcase classname="com.medhas.sanity.TestInventoryTemplateApplicationcreation" name="VendorDetailsforapplication" time="0.0">
    <skipped/>
  </testcase> <!-- VendorDetailsforapplication -->
  <testcase classname="com.medhas.sanity.TestPendingApprovalsforInfraBulk" name="approvalworkflowforaccessrequestLIT" time="0.001">
    <skipped/>
  </testcase> <!-- approvalworkflowforaccessrequestLIT -->
  <testcase classname="com.medhas.sanity.TestSelfSingleCreateAccessRequestforApplication" name="accessRequestCreated" time="0.0">
    <skipped/>
  </testcase> <!-- accessRequestCreated -->
  <testcase classname="com.medhas.sanity.TestnotGrantApplicationRequestPendingApprovals" name="approvalworkflowforaccessrequestsystemowner" time="0.0">
    <skipped/>
  </testcase> <!-- approvalworkflowforaccessrequestsystemowner -->
  <testcase classname="com.medhas.sanity.TestSelfModifyRequestforFileserver" name="modifyRequestCreated" time="0.0">
    <skipped/>
  </testcase> <!-- modifyRequestCreated -->
  <testcase classname="com.medhas.sanity.TestcreateInventoryforApplication" name="inventoryRequestCreated" time="0.0">
    <skipped/>
  </testcase> <!-- inventoryRequestCreated -->
  <testcase classname="com.medhas.sanity.TestModifySelfApplicationaccessforsingleuser" name="modifyRequestCreated" time="0.0">
    <skipped/>
  </testcase> <!-- modifyRequestCreated -->
  <testcase classname="com.medhas.sanity.TestSaveasDraftSelfSingleCreateAccessRequestforApplication$TestSelfSingleCreateAccessRequestforApplication" name="draftRequestCreated" time="0.0">
    <skipped/>
  </testcase> <!-- draftRequestCreated -->
  <testcase classname="com.medhas.sanity.TestAccessRequestPendingApprovals" name="approvalworkflowforaccessrequestLITHead" time="0.0">
    <skipped/>
  </testcase> <!-- approvalworkflowforaccessrequestLITHead -->
  <testcase classname="com.medhas.sanity.TestCreateMultipleUsersFileserverAccess" name="enterfileserverDetails" time="0.0">
    <skipped/>
  </testcase> <!-- enterfileserverDetails -->
  <testcase classname="com.medhas.sanity.TestCreateMultipleUsersOSAccess" name="enterOperatingsystemdetails" time="0.0">
    <skipped/>
  </testcase> <!-- enterOperatingsystemdetails -->
  <testcase classname="com.medhas.sanity.TestUserAccessReviewPendingApprovals" name="QAleadflow" time="0.0">
    <skipped/>
  </testcase> <!-- QAleadflow -->
  <testcase classname="com.medhas.sanity.TestCreateOnbehalfActivedirectoryforsingleuser" name="EnterRemarksandesign" time="0.0">
    <skipped/>
  </testcase> <!-- EnterRemarksandesign -->
  <testcase classname="com.medhas.sanity.TestMultipleSelfAccessRequestforFileserver" name="enternewFileserverdetails" time="0.001">
    <skipped/>
  </testcase> <!-- enternewFileserverdetails -->
  <testcase classname="com.medhas.sanity.TestCreateOnbehalfApplicationaccessrequestformultipleaccess" name="enterSecondApplicationDetails" time="0.0">
    <skipped/>
  </testcase> <!-- enterSecondApplicationDetails -->
  <testcase classname="com.medhas.sanity.TestCreateMultipleAccessOperatingsystemforonbehalfsingleuser" name="enternewOperatingsystemdetails" time="0.0">
    <skipped/>
  </testcase> <!-- enternewOperatingsystemdetails -->
  <testcase classname="com.medhas.sanity.TestnotGrantAccessRequestPendingApprovals" name="approvalworkflowforaccessrequestLITHead" time="0.001">
    <skipped/>
  </testcase> <!-- approvalworkflowforaccessrequestLITHead -->
  <testcase classname="com.medhas.sanity.TestSelfMultipleCreateAccessRequestforApplication" name="accessRequestCreated" time="0.0">
    <skipped/>
  </testcase> <!-- accessRequestCreated -->
  <testcase classname="com.medhas.sanity.TestApplicationRequestPendingApprovals" name="logutfromsystemowner" time="0.0">
    <skipped/>
  </testcase> <!-- logutfromsystemowner -->
  <testcase classname="com.medhas.sanity.TestInventoryTemplateApplicationcreation" name="OtherDetailsforapplication" time="0.0">
    <skipped/>
  </testcase> <!-- OtherDetailsforapplication -->
  <testcase classname="com.medhas.sanity.TestnotGrantApplicationRequestPendingApprovals" name="logutfromsystemowner" time="0.0">
    <skipped/>
  </testcase> <!-- logutfromsystemowner -->
  <testcase classname="com.medhas.sanity.TestSaveasDraftSelfSingleCreateAccessRequestforApplication$TestSelfSingleCreateAccessRequestforApplication" name="submitDraftRequest" time="0.0">
    <skipped/>
  </testcase> <!-- submitDraftRequest -->
  <testcase classname="com.medhas.sanity.TestAccessRequestPendingApprovals" name="logutfromLITHead" time="0.0">
    <skipped/>
  </testcase> <!-- logutfromLITHead -->
  <testcase classname="com.medhas.sanity.TestCreateMultipleUsersFileserverAccess" name="accessRequestCreated" time="0.0">
    <skipped/>
  </testcase> <!-- accessRequestCreated -->
  <testcase classname="com.medhas.sanity.TestCreateMultipleUsersOSAccess" name="accessRequestCreated" time="0.0">
    <skipped/>
  </testcase> <!-- accessRequestCreated -->
  <testcase classname="com.medhas.sanity.TestMultipleSelfAccessRequestforFileserver" name="accessRequestCreated" time="0.0">
    <skipped/>
  </testcase> <!-- accessRequestCreated -->
  <testcase classname="com.medhas.sanity.TestCreateMultipleAccessOperatingsystemforonbehalfsingleuser" name="accessRequestCreated" time="0.0">
    <skipped/>
  </testcase> <!-- accessRequestCreated -->
  <testcase classname="com.medhas.sanity.TestnotGrantAccessRequestPendingApprovals" name="logutfromLITHead" time="0.0">
    <skipped/>
  </testcase> <!-- logutfromLITHead -->
  <testcase classname="com.medhas.sanity.TestApplicationRequestPendingApprovals" name="checkvalidsystemadmin" time="0.0">
    <skipped/>
  </testcase> <!-- checkvalidsystemadmin -->
  <testcase classname="com.medhas.sanity.TestInventoryTemplateApplicationcreation" name="Acknowledgementforapplication" time="0.001">
    <skipped/>
  </testcase> <!-- Acknowledgementforapplication -->
  <testcase classname="com.medhas.sanity.TestnotGrantPendingApprovalsforInfraBulk" name="checkvalidLIT" time="0.0">
    <skipped/>
  </testcase> <!-- checkvalidLIT -->
  <testcase classname="com.medhas.sanity.TestnotGrantPendingApprovalsforAppBulk" name="checkvalidsystemadmin" time="0.0">
    <skipped/>
  </testcase> <!-- checkvalidsystemadmin -->
  <testcase classname="com.medhas.sanity.TestnotGrantApplicationRequestPendingApprovals" name="checkvalidsystemadmin" time="0.0">
    <skipped/>
  </testcase> <!-- checkvalidsystemadmin -->
  <testcase classname="com.medhas.sanity.TestSaveasDraftSelfSingleCreateAccessRequestforApplication$TestSelfSingleCreateAccessRequestforApplication" name="submitteddraftRequest" time="0.0">
    <skipped/>
  </testcase> <!-- submitteddraftRequest -->
  <testcase classname="com.medhas.sanity.TestAccessRequestPendingApprovals" name="checkvalidLIT" time="0.001">
    <skipped/>
  </testcase> <!-- checkvalidLIT -->
  <testcase classname="com.medhas.sanity.TestnotGrantAccessRequestPendingApprovals" name="checkvalidLIT" time="0.0">
    <skipped/>
  </testcase> <!-- checkvalidLIT -->
  <testcase classname="com.medhas.sanity.TestApplicationRequestPendingApprovals" name="approvalworkflowforaccessrequestsystemadmin" time="0.0">
    <skipped/>
  </testcase> <!-- approvalworkflowforaccessrequestsystemadmin -->
  <testcase classname="com.medhas.sanity.TestnotGrantPendingApprovalsforInfraBulk" name="notGrantybyLIT" time="0.0">
    <skipped/>
  </testcase> <!-- notGrantybyLIT -->
  <testcase classname="com.medhas.sanity.TestnotGrantPendingApprovalsforAppBulk" name="notGrantybySystemAdmin" time="0.0">
    <skipped/>
  </testcase> <!-- notGrantybySystemAdmin -->
  <testcase classname="com.medhas.sanity.TestnotGrantApplicationRequestPendingApprovals" name="notGrantybySystemAdmin" time="0.0">
    <skipped/>
  </testcase> <!-- notGrantybySystemAdmin -->
  <testcase classname="com.medhas.sanity.TestAccessRequestPendingApprovals" name="approvalworkflowforaccessrequestLIT" time="0.0">
    <skipped/>
  </testcase> <!-- approvalworkflowforaccessrequestLIT -->
  <testcase classname="com.medhas.sanity.TestnotGrantAccessRequestPendingApprovals" name="notGrantybyLIT" time="0.002">
    <skipped/>
  </testcase> <!-- notGrantybyLIT -->
  <testcase classname="com.medhas.sanity.TestApplicationRequestPendingApprovals" name="accessRequestGranted" time="0.0">
    <skipped/>
  </testcase> <!-- accessRequestGranted -->
  <testcase classname="com.medhas.sanity.TestPendingApprovalsforAppBulk" name="BulkDeactivationRequestGranted" time="0.001">
    <skipped/>
  </testcase> <!-- BulkDeactivationRequestGranted -->
  <testcase classname="com.medhas.sanity.TestPendingApprovalsforInfraBulk" name="BulkDeactivationRequestGranted" time="0.0">
    <skipped/>
  </testcase> <!-- BulkDeactivationRequestGranted -->
  <testcase classname="com.medhas.sanity.TestnotGrantPendingApprovalsforInfraBulk" name="BulkDeactivationNotGranted" time="0.0">
    <skipped/>
  </testcase> <!-- BulkDeactivationNotGranted -->
  <testcase classname="com.medhas.sanity.TestnotGrantPendingApprovalsforAppBulk" name="accessRequestNotGranted" time="0.0">
    <skipped/>
  </testcase> <!-- accessRequestNotGranted -->
  <testcase classname="com.medhas.sanity.TestnotGrantApplicationRequestPendingApprovals" name="accessRequestNotGranted" time="0.0">
    <skipped/>
  </testcase> <!-- accessRequestNotGranted -->
  <testcase classname="com.medhas.sanity.TestnotGrantAccessRequestPendingApprovals" name="accessRequestNotGranted" time="0.0">
    <skipped/>
  </testcase> <!-- accessRequestNotGranted -->
</testsuite> <!-- Test -->
